2016-07-27 16:53:54,878 MutatorMath Executing designspace document: master_ufo/WorkSans.designspace
2016-07-27 16:53:54,929 MutatorMath Writing WorkSans-Thin.ufo to master_ufo/../instance_ufo/WorkSans-Thin.ufo
2016-07-27 16:54:06,684 MutatorMath ../instance_ufo/WorkSans-Thin.ufo:
Errors calculating 2 glyphs: 
curvedStemParagraphSignOrnament
paragraph
2016-07-27 16:54:06,684 MutatorMath ../instance_ufo/WorkSans-Thin.ufo:
Missing unicodes for 412 glyphs: 
.notdef
A.swsh
Aacute.swsh
Abreve.swsh
Acircumflex.swsh
Adieresis.swsh
Adieresis.titl
Adieresis.titl.001
Agrave.swsh
Amacron.swsh
Aogonek.swsh
Aogonek_j
Aogonek_y
Atilde.swsh
E.swsh
E.swsh.001
Eacute.swsh
Eacute.swsh.001
Ecaron.swsh
Ecaron.swsh.001
Ecircumflex.swsh
Ecircumflex.swsh.001
Edieresis.swsh
Edieresis.swsh.001
Edotaccent.swsh
Edotaccent.swsh.001
Egrave.swsh
Egrave.swsh.001
Emacron.swsh
Emacron.swsh.001
Eogonek.swsh
Euro.tf
F.swsh
G.ss04
Gbreve.ss04
Hinferior
Hsuperior
IJ.ss05
Iacute_J.loclNLD
Iacute_J.loclNLD.ss05
L.swsh
Lacute.swsh
Lcaron.swsh
Lslash.swsh
M.swsh
M.swsh.001
N.swsh
Nacute.swsh
Ncaron.swsh
Ntilde.swsh
Odieresis.titl
Odieresis.titl.001
Oinferior
Osuperior
R.ss03
R.swsh
R.swsh.001
Racute.ss03
Racute.swsh
Racute.swsh.001
Rcaron.ss03
Rcaron.swsh
Rcaron.swsh.001
S.swsh
Sacute.swsh
Scaron.swsh
T.swsh
Tcaron.swsh
Udieresis.titl
W.swsh
Ydieresis.titl
__swash_topleft
a.sc
aacute.sc
abreve.sc
acircumflex.sc
acutecmb.asc
acutecmb.cap
adieresis.sc
adieresis.titl.sc
ae.sc
agrave.sc
amacron.sc
ampersand.sc
aogonek.sc
aogonek_j
aring.sc
at.case
atilde.sc
b.sc
bar.case
blackCircle.case
blackDiamond.case
blackSmallSquare.case
bowl
braceleft.case
braceright.case
bracketleft.case
bracketleftinferior
bracketleftsuperior
bracketright.case
bracketrightinferior
bracketrightsuperior
c.sc
c_t
cacute.sc
caron.alt
caroncmb.asc
caroncmb.cap
ccaron.sc
ccedilla.sc
cent.001
cent.tf
circumflexcmb.asc
circumflexcmb.cap
colon.tf
coloninferior
colonsuperior
comma.tf
commainferior
commasuperior
currency.tf
d.sc
daggerdblsuperior
daggersuperior
dcaron.sc
dcroat.sc
dollar.001
dollar.tf
e.sc
eacute.sc
ecaron.sc
ecircumflex.sc
edieresis.sc
edotaccent.sc
egrave.sc
eight.dnom
eight.numr
eight.osf
eight.sc
eight.tf
eight.tosf
emacron.sc
emdash.case
emdashinferior
emdashsuperior
endash.case
endashinferior
endashsuperior
eogonek.sc
eth.sc
euro.part
euro.part.tf
exclam.sc
exclamdown.case
exclamdown.sc
f.sc
f_idieresis
f_t.liga
five.dnom
five.numr
five.osf
five.sc
five.tf
five.tosf
fl.ss02
florin.tf
four.dnom
four.numr
four.osf
four.sc
four.tf
four.tosf
g.sc
g.sc.ss04
g.ss01
g.ss01_j.liga
g_idieresis
g_j.liga
gbase
gbreve.sc
gbreve.sc.ss04
gbreve.ss01
germandbls.calt
germandbls.sc
gravecmb.asc
gravecmb.cap
guillemotleft.case
guillemotright.case
guilsinglleft.case
guilsinglright.case
h.sc
hungarumlautcmb.asc
hungarumlautcmb.cap
hyphen.case
hypheninferior
hyphensuperior
i.sc
iacute.sc
iacute_j.loclNLD
iacute_j.loclNLD.sc
iacute_j.loclNLD.sc.ss05
icircumflex.sc
idieresis.sc
idotaccent
idotaccent.sc
igrave.sc
ij.sc
ij.sc.ss05
imacron.sc
indexring
iogonek.sc
iogonek_j
j.ogonek
j.sc
j_j.liga
jdotless.ogonek
k.sc
l.sc
l.ss02
lacute.sc
lacute.ss02
lcaron.sc
lcaron.ss02
ldot.sc
ldot.ss02
longs.component
longs_i
longs_l
longs_l.ss02
longs_s
lslash.sc
lslash.ss02
m.sc
n.sc
n.swsh
nacute.sc
nacute.swsh
ncaron.sc
ncaron.swsh
nine.dnom
nine.numr
nine.osf
nine.sc
nine.tf
nine.tosf
ntilde.sc
ntilde.swsh
numbersign.tf
o.sc
oacute.sc
ocircumflex.sc
odieresis.sc
odieresis.titl.sc
oe.sc
ogonek.A
ogonek.E
ogonek.I
ogonek.e
ograve.sc
ohungarumlaut.sc
omacron.sc
one.dnom
one.numr
one.osf
one.sc
one.tf
one.tosf
oslash.sc
otilde.sc
p.sc
parenleft.case
parenright.case
period.tf
periodcentered.case
periodcentered.loclCAT
periodcentered.loclCAT.case
periodcentered.loclCAT.sc
periodcentered.loclCAT.ss02
periodcentered.sc
periodinferior
periodsuperior
q.sc
question.sc
questiondown.case
questiondown.sc
quotedbl.sc
quotedblleft.sc
quotedblright.sc
quoteleft.sc
quoteright.sc
quotesingle.sc
r.sc
r.sc.ss03
r.swsh
racute.sc
racute.sc.ss03
racute.swsh
rcaron.sc
rcaron.sc.ss03
rcaron.swsh
registeredsuperior
s.sc
s_t
sacute.sc
scaron.sc
semicolon.tf
seven.dnom
seven.numr
seven.osf
seven.sc
seven.tf
seven.tosf
six.dnom
six.numr
six.osf
six.sc
six.tf
six.tosf
space.tf
spacesuperior
sterling.part
sterling.part.tf
sterling.tf
swash_bttmleft
t.sc
t.swsh
t_t.liga
tcaron.sc
tcaron.swsh
thorn.sc
three.dnom
three.numr
three.osf
three.sc
three.tf
three.tosf
two.dnom
two.numr
two.osf
two.sc
two.tf
two.tosf
u.sc
uacute.sc
ucircumflex.sc
udieresis.sc
udieresis.titl.sc
ugrave.sc
uhungarumlaut.sc
umacron.sc
uni0122.sc
uni0122.sc.ss04
uni0122.ss04
uni0123.ss01
uni0136.sc
uni013B.sc
uni013B.swsh
uni013C.ss02
uni0145.sc
uni0145.swsh
uni0146.swsh
uni0156.sc
uni0156.sc.ss03
uni0156.ss03
uni0156.swsh
uni0156.swsh.001
uni0157.swsh
uni015E.sc
uni015E.swsh
uni0162.sc
uni0162.swsh
uni0163.swsh
uni0218.sc
uni0218.swsh
uni021A.sc
uni021A.swsh
uni021B.swsh
uni20BA.tf
uni20BD.tf
uniF8FF.001
uogonek.sc
uogonek_j
uring.sc
v.sc
w.sc
whiteCircle.case
whiteDiamond.case
whiteSmallSquare.case
x.sc
y.sc
y.swsh
yacute.sc
yacute.swsh
ydieresis.sc
ydieresis.swsh
ydieresis.titl.sc
yen.tf
z.sc
zacute.sc
zcaron.sc
zdotaccent.sc
zero.dnom
zero.numr
zero.osf
zero.osf.zero
zero.sc
zero.tf
zero.tf.zero
zero.tosf
zero.tosf.zero
zero.zero
2016-07-27 16:54:06,884 MutatorMath Writing WorkSans-ExtraLight.ufo to master_ufo/../instance_ufo/WorkSans-ExtraLight.ufo
2016-07-27 16:54:11,372 MutatorMath ../instance_ufo/WorkSans-ExtraLight.ufo:
Errors calculating 2 glyphs: 
curvedStemParagraphSignOrnament
paragraph
2016-07-27 16:54:11,373 MutatorMath ../instance_ufo/WorkSans-ExtraLight.ufo:
Missing unicodes for 412 glyphs: 
.notdef
A.swsh
Aacute.swsh
Abreve.swsh
Acircumflex.swsh
Adieresis.swsh
Adieresis.titl
Adieresis.titl.001
Agrave.swsh
Amacron.swsh
Aogonek.swsh
Aogonek_j
Aogonek_y
Atilde.swsh
E.swsh
E.swsh.001
Eacute.swsh
Eacute.swsh.001
Ecaron.swsh
Ecaron.swsh.001
Ecircumflex.swsh
Ecircumflex.swsh.001
Edieresis.swsh
Edieresis.swsh.001
Edotaccent.swsh
Edotaccent.swsh.001
Egrave.swsh
Egrave.swsh.001
Emacron.swsh
Emacron.swsh.001
Eogonek.swsh
Euro.tf
F.swsh
G.ss04
Gbreve.ss04
Hinferior
Hsuperior
IJ.ss05
Iacute_J.loclNLD
Iacute_J.loclNLD.ss05
L.swsh
Lacute.swsh
Lcaron.swsh
Lslash.swsh
M.swsh
M.swsh.001
N.swsh
Nacute.swsh
Ncaron.swsh
Ntilde.swsh
Odieresis.titl
Odieresis.titl.001
Oinferior
Osuperior
R.ss03
R.swsh
R.swsh.001
Racute.ss03
Racute.swsh
Racute.swsh.001
Rcaron.ss03
Rcaron.swsh
Rcaron.swsh.001
S.swsh
Sacute.swsh
Scaron.swsh
T.swsh
Tcaron.swsh
Udieresis.titl
W.swsh
Ydieresis.titl
__swash_topleft
a.sc
aacute.sc
abreve.sc
acircumflex.sc
acutecmb.asc
acutecmb.cap
adieresis.sc
adieresis.titl.sc
ae.sc
agrave.sc
amacron.sc
ampersand.sc
aogonek.sc
aogonek_j
aring.sc
at.case
atilde.sc
b.sc
bar.case
blackCircle.case
blackDiamond.case
blackSmallSquare.case
bowl
braceleft.case
braceright.case
bracketleft.case
bracketleftinferior
bracketleftsuperior
bracketright.case
bracketrightinferior
bracketrightsuperior
c.sc
c_t
cacute.sc
caron.alt
caroncmb.asc
caroncmb.cap
ccaron.sc
ccedilla.sc
cent.001
cent.tf
circumflexcmb.asc
circumflexcmb.cap
colon.tf
coloninferior
colonsuperior
comma.tf
commainferior
commasuperior
currency.tf
d.sc
daggerdblsuperior
daggersuperior
dcaron.sc
dcroat.sc
dollar.001
dollar.tf
e.sc
eacute.sc
ecaron.sc
ecircumflex.sc
edieresis.sc
edotaccent.sc
egrave.sc
eight.dnom
eight.numr
eight.osf
eight.sc
eight.tf
eight.tosf
emacron.sc
emdash.case
emdashinferior
emdashsuperior
endash.case
endashinferior
endashsuperior
eogonek.sc
eth.sc
euro.part
euro.part.tf
exclam.sc
exclamdown.case
exclamdown.sc
f.sc
f_idieresis
f_t.liga
five.dnom
five.numr
five.osf
five.sc
five.tf
five.tosf
fl.ss02
florin.tf
four.dnom
four.numr
four.osf
four.sc
four.tf
four.tosf
g.sc
g.sc.ss04
g.ss01
g.ss01_j.liga
g_idieresis
g_j.liga
gbase
gbreve.sc
gbreve.sc.ss04
gbreve.ss01
germandbls.calt
germandbls.sc
gravecmb.asc
gravecmb.cap
guillemotleft.case
guillemotright.case
guilsinglleft.case
guilsinglright.case
h.sc
hungarumlautcmb.asc
hungarumlautcmb.cap
hyphen.case
hypheninferior
hyphensuperior
i.sc
iacute.sc
iacute_j.loclNLD
iacute_j.loclNLD.sc
iacute_j.loclNLD.sc.ss05
icircumflex.sc
idieresis.sc
idotaccent
idotaccent.sc
igrave.sc
ij.sc
ij.sc.ss05
imacron.sc
indexring
iogonek.sc
iogonek_j
j.ogonek
j.sc
j_j.liga
jdotless.ogonek
k.sc
l.sc
l.ss02
lacute.sc
lacute.ss02
lcaron.sc
lcaron.ss02
ldot.sc
ldot.ss02
longs.component
longs_i
longs_l
longs_l.ss02
longs_s
lslash.sc
lslash.ss02
m.sc
n.sc
n.swsh
nacute.sc
nacute.swsh
ncaron.sc
ncaron.swsh
nine.dnom
nine.numr
nine.osf
nine.sc
nine.tf
nine.tosf
ntilde.sc
ntilde.swsh
numbersign.tf
o.sc
oacute.sc
ocircumflex.sc
odieresis.sc
odieresis.titl.sc
oe.sc
ogonek.A
ogonek.E
ogonek.I
ogonek.e
ograve.sc
ohungarumlaut.sc
omacron.sc
one.dnom
one.numr
one.osf
one.sc
one.tf
one.tosf
oslash.sc
otilde.sc
p.sc
parenleft.case
parenright.case
period.tf
periodcentered.case
periodcentered.loclCAT
periodcentered.loclCAT.case
periodcentered.loclCAT.sc
periodcentered.loclCAT.ss02
periodcentered.sc
periodinferior
periodsuperior
q.sc
question.sc
questiondown.case
questiondown.sc
quotedbl.sc
quotedblleft.sc
quotedblright.sc
quoteleft.sc
quoteright.sc
quotesingle.sc
r.sc
r.sc.ss03
r.swsh
racute.sc
racute.sc.ss03
racute.swsh
rcaron.sc
rcaron.sc.ss03
rcaron.swsh
registeredsuperior
s.sc
s_t
sacute.sc
scaron.sc
semicolon.tf
seven.dnom
seven.numr
seven.osf
seven.sc
seven.tf
seven.tosf
six.dnom
six.numr
six.osf
six.sc
six.tf
six.tosf
space.tf
spacesuperior
sterling.part
sterling.part.tf
sterling.tf
swash_bttmleft
t.sc
t.swsh
t_t.liga
tcaron.sc
tcaron.swsh
thorn.sc
three.dnom
three.numr
three.osf
three.sc
three.tf
three.tosf
two.dnom
two.numr
two.osf
two.sc
two.tf
two.tosf
u.sc
uacute.sc
ucircumflex.sc
udieresis.sc
udieresis.titl.sc
ugrave.sc
uhungarumlaut.sc
umacron.sc
uni0122.sc
uni0122.sc.ss04
uni0122.ss04
uni0123.ss01
uni0136.sc
uni013B.sc
uni013B.swsh
uni013C.ss02
uni0145.sc
uni0145.swsh
uni0146.swsh
uni0156.sc
uni0156.sc.ss03
uni0156.ss03
uni0156.swsh
uni0156.swsh.001
uni0157.swsh
uni015E.sc
uni015E.swsh
uni0162.sc
uni0162.swsh
uni0163.swsh
uni0218.sc
uni0218.swsh
uni021A.sc
uni021A.swsh
uni021B.swsh
uni20BA.tf
uni20BD.tf
uniF8FF.001
uogonek.sc
uogonek_j
uring.sc
v.sc
w.sc
whiteCircle.case
whiteDiamond.case
whiteSmallSquare.case
x.sc
y.sc
y.swsh
yacute.sc
yacute.swsh
ydieresis.sc
ydieresis.swsh
ydieresis.titl.sc
yen.tf
z.sc
zacute.sc
zcaron.sc
zdotaccent.sc
zero.dnom
zero.numr
zero.osf
zero.osf.zero
zero.sc
zero.tf
zero.tf.zero
zero.tosf
zero.tosf.zero
zero.zero
2016-07-27 16:54:11,609 MutatorMath Writing WorkSans-Light.ufo to master_ufo/../instance_ufo/WorkSans-Light.ufo
2016-07-27 16:54:17,148 MutatorMath ../instance_ufo/WorkSans-Light.ufo:
Errors calculating 2 glyphs: 
curvedStemParagraphSignOrnament
paragraph
2016-07-27 16:54:17,148 MutatorMath ../instance_ufo/WorkSans-Light.ufo:
Missing unicodes for 412 glyphs: 
.notdef
A.swsh
Aacute.swsh
Abreve.swsh
Acircumflex.swsh
Adieresis.swsh
Adieresis.titl
Adieresis.titl.001
Agrave.swsh
Amacron.swsh
Aogonek.swsh
Aogonek_j
Aogonek_y
Atilde.swsh
E.swsh
E.swsh.001
Eacute.swsh
Eacute.swsh.001
Ecaron.swsh
Ecaron.swsh.001
Ecircumflex.swsh
Ecircumflex.swsh.001
Edieresis.swsh
Edieresis.swsh.001
Edotaccent.swsh
Edotaccent.swsh.001
Egrave.swsh
Egrave.swsh.001
Emacron.swsh
Emacron.swsh.001
Eogonek.swsh
Euro.tf
F.swsh
G.ss04
Gbreve.ss04
Hinferior
Hsuperior
IJ.ss05
Iacute_J.loclNLD
Iacute_J.loclNLD.ss05
L.swsh
Lacute.swsh
Lcaron.swsh
Lslash.swsh
M.swsh
M.swsh.001
N.swsh
Nacute.swsh
Ncaron.swsh
Ntilde.swsh
Odieresis.titl
Odieresis.titl.001
Oinferior
Osuperior
R.ss03
R.swsh
R.swsh.001
Racute.ss03
Racute.swsh
Racute.swsh.001
Rcaron.ss03
Rcaron.swsh
Rcaron.swsh.001
S.swsh
Sacute.swsh
Scaron.swsh
T.swsh
Tcaron.swsh
Udieresis.titl
W.swsh
Ydieresis.titl
__swash_topleft
a.sc
aacute.sc
abreve.sc
acircumflex.sc
acutecmb.asc
acutecmb.cap
adieresis.sc
adieresis.titl.sc
ae.sc
agrave.sc
amacron.sc
ampersand.sc
aogonek.sc
aogonek_j
aring.sc
at.case
atilde.sc
b.sc
bar.case
blackCircle.case
blackDiamond.case
blackSmallSquare.case
bowl
braceleft.case
braceright.case
bracketleft.case
bracketleftinferior
bracketleftsuperior
bracketright.case
bracketrightinferior
bracketrightsuperior
c.sc
c_t
cacute.sc
caron.alt
caroncmb.asc
caroncmb.cap
ccaron.sc
ccedilla.sc
cent.001
cent.tf
circumflexcmb.asc
circumflexcmb.cap
colon.tf
coloninferior
colonsuperior
comma.tf
commainferior
commasuperior
currency.tf
d.sc
daggerdblsuperior
daggersuperior
dcaron.sc
dcroat.sc
dollar.001
dollar.tf
e.sc
eacute.sc
ecaron.sc
ecircumflex.sc
edieresis.sc
edotaccent.sc
egrave.sc
eight.dnom
eight.numr
eight.osf
eight.sc
eight.tf
eight.tosf
emacron.sc
emdash.case
emdashinferior
emdashsuperior
endash.case
endashinferior
endashsuperior
eogonek.sc
eth.sc
euro.part
euro.part.tf
exclam.sc
exclamdown.case
exclamdown.sc
f.sc
f_idieresis
f_t.liga
five.dnom
five.numr
five.osf
five.sc
five.tf
five.tosf
fl.ss02
florin.tf
four.dnom
four.numr
four.osf
four.sc
four.tf
four.tosf
g.sc
g.sc.ss04
g.ss01
g.ss01_j.liga
g_idieresis
g_j.liga
gbase
gbreve.sc
gbreve.sc.ss04
gbreve.ss01
germandbls.calt
germandbls.sc
gravecmb.asc
gravecmb.cap
guillemotleft.case
guillemotright.case
guilsinglleft.case
guilsinglright.case
h.sc
hungarumlautcmb.asc
hungarumlautcmb.cap
hyphen.case
hypheninferior
hyphensuperior
i.sc
iacute.sc
iacute_j.loclNLD
iacute_j.loclNLD.sc
iacute_j.loclNLD.sc.ss05
icircumflex.sc
idieresis.sc
idotaccent
idotaccent.sc
igrave.sc
ij.sc
ij.sc.ss05
imacron.sc
indexring
iogonek.sc
iogonek_j
j.ogonek
j.sc
j_j.liga
jdotless.ogonek
k.sc
l.sc
l.ss02
lacute.sc
lacute.ss02
lcaron.sc
lcaron.ss02
ldot.sc
ldot.ss02
longs.component
longs_i
longs_l
longs_l.ss02
longs_s
lslash.sc
lslash.ss02
m.sc
n.sc
n.swsh
nacute.sc
nacute.swsh
ncaron.sc
ncaron.swsh
nine.dnom
nine.numr
nine.osf
nine.sc
nine.tf
nine.tosf
ntilde.sc
ntilde.swsh
numbersign.tf
o.sc
oacute.sc
ocircumflex.sc
odieresis.sc
odieresis.titl.sc
oe.sc
ogonek.A
ogonek.E
ogonek.I
ogonek.e
ograve.sc
ohungarumlaut.sc
omacron.sc
one.dnom
one.numr
one.osf
one.sc
one.tf
one.tosf
oslash.sc
otilde.sc
p.sc
parenleft.case
parenright.case
period.tf
periodcentered.case
periodcentered.loclCAT
periodcentered.loclCAT.case
periodcentered.loclCAT.sc
periodcentered.loclCAT.ss02
periodcentered.sc
periodinferior
periodsuperior
q.sc
question.sc
questiondown.case
questiondown.sc
quotedbl.sc
quotedblleft.sc
quotedblright.sc
quoteleft.sc
quoteright.sc
quotesingle.sc
r.sc
r.sc.ss03
r.swsh
racute.sc
racute.sc.ss03
racute.swsh
rcaron.sc
rcaron.sc.ss03
rcaron.swsh
registeredsuperior
s.sc
s_t
sacute.sc
scaron.sc
semicolon.tf
seven.dnom
seven.numr
seven.osf
seven.sc
seven.tf
seven.tosf
six.dnom
six.numr
six.osf
six.sc
six.tf
six.tosf
space.tf
spacesuperior
sterling.part
sterling.part.tf
sterling.tf
swash_bttmleft
t.sc
t.swsh
t_t.liga
tcaron.sc
tcaron.swsh
thorn.sc
three.dnom
three.numr
three.osf
three.sc
three.tf
three.tosf
two.dnom
two.numr
two.osf
two.sc
two.tf
two.tosf
u.sc
uacute.sc
ucircumflex.sc
udieresis.sc
udieresis.titl.sc
ugrave.sc
uhungarumlaut.sc
umacron.sc
uni0122.sc
uni0122.sc.ss04
uni0122.ss04
uni0123.ss01
uni0136.sc
uni013B.sc
uni013B.swsh
uni013C.ss02
uni0145.sc
uni0145.swsh
uni0146.swsh
uni0156.sc
uni0156.sc.ss03
uni0156.ss03
uni0156.swsh
uni0156.swsh.001
uni0157.swsh
uni015E.sc
uni015E.swsh
uni0162.sc
uni0162.swsh
uni0163.swsh
uni0218.sc
uni0218.swsh
uni021A.sc
uni021A.swsh
uni021B.swsh
uni20BA.tf
uni20BD.tf
uniF8FF.001
uogonek.sc
uogonek_j
uring.sc
v.sc
w.sc
whiteCircle.case
whiteDiamond.case
whiteSmallSquare.case
x.sc
y.sc
y.swsh
yacute.sc
yacute.swsh
ydieresis.sc
ydieresis.swsh
ydieresis.titl.sc
yen.tf
z.sc
zacute.sc
zcaron.sc
zdotaccent.sc
zero.dnom
zero.numr
zero.osf
zero.osf.zero
zero.sc
zero.tf
zero.tf.zero
zero.tosf
zero.tosf.zero
zero.zero
2016-07-27 16:54:17,372 MutatorMath Writing WorkSans-Regular.ufo to master_ufo/../instance_ufo/WorkSans-Regular.ufo
2016-07-27 16:54:22,520 MutatorMath ../instance_ufo/WorkSans-Regular.ufo:
Errors calculating 2 glyphs: 
curvedStemParagraphSignOrnament
paragraph
2016-07-27 16:54:22,521 MutatorMath ../instance_ufo/WorkSans-Regular.ufo:
Missing unicodes for 412 glyphs: 
.notdef
A.swsh
Aacute.swsh
Abreve.swsh
Acircumflex.swsh
Adieresis.swsh
Adieresis.titl
Adieresis.titl.001
Agrave.swsh
Amacron.swsh
Aogonek.swsh
Aogonek_j
Aogonek_y
Atilde.swsh
E.swsh
E.swsh.001
Eacute.swsh
Eacute.swsh.001
Ecaron.swsh
Ecaron.swsh.001
Ecircumflex.swsh
Ecircumflex.swsh.001
Edieresis.swsh
Edieresis.swsh.001
Edotaccent.swsh
Edotaccent.swsh.001
Egrave.swsh
Egrave.swsh.001
Emacron.swsh
Emacron.swsh.001
Eogonek.swsh
Euro.tf
F.swsh
G.ss04
Gbreve.ss04
Hinferior
Hsuperior
IJ.ss05
Iacute_J.loclNLD
Iacute_J.loclNLD.ss05
L.swsh
Lacute.swsh
Lcaron.swsh
Lslash.swsh
M.swsh
M.swsh.001
N.swsh
Nacute.swsh
Ncaron.swsh
Ntilde.swsh
Odieresis.titl
Odieresis.titl.001
Oinferior
Osuperior
R.ss03
R.swsh
R.swsh.001
Racute.ss03
Racute.swsh
Racute.swsh.001
Rcaron.ss03
Rcaron.swsh
Rcaron.swsh.001
S.swsh
Sacute.swsh
Scaron.swsh
T.swsh
Tcaron.swsh
Udieresis.titl
W.swsh
Ydieresis.titl
__swash_topleft
a.sc
aacute.sc
abreve.sc
acircumflex.sc
acutecmb.asc
acutecmb.cap
adieresis.sc
adieresis.titl.sc
ae.sc
agrave.sc
amacron.sc
ampersand.sc
aogonek.sc
aogonek_j
aring.sc
at.case
atilde.sc
b.sc
bar.case
blackCircle.case
blackDiamond.case
blackSmallSquare.case
bowl
braceleft.case
braceright.case
bracketleft.case
bracketleftinferior
bracketleftsuperior
bracketright.case
bracketrightinferior
bracketrightsuperior
c.sc
c_t
cacute.sc
caron.alt
caroncmb.asc
caroncmb.cap
ccaron.sc
ccedilla.sc
cent.001
cent.tf
circumflexcmb.asc
circumflexcmb.cap
colon.tf
coloninferior
colonsuperior
comma.tf
commainferior
commasuperior
currency.tf
d.sc
daggerdblsuperior
daggersuperior
dcaron.sc
dcroat.sc
dollar.001
dollar.tf
e.sc
eacute.sc
ecaron.sc
ecircumflex.sc
edieresis.sc
edotaccent.sc
egrave.sc
eight.dnom
eight.numr
eight.osf
eight.sc
eight.tf
eight.tosf
emacron.sc
emdash.case
emdashinferior
emdashsuperior
endash.case
endashinferior
endashsuperior
eogonek.sc
eth.sc
euro.part
euro.part.tf
exclam.sc
exclamdown.case
exclamdown.sc
f.sc
f_idieresis
f_t.liga
five.dnom
five.numr
five.osf
five.sc
five.tf
five.tosf
fl.ss02
florin.tf
four.dnom
four.numr
four.osf
four.sc
four.tf
four.tosf
g.sc
g.sc.ss04
g.ss01
g.ss01_j.liga
g_idieresis
g_j.liga
gbase
gbreve.sc
gbreve.sc.ss04
gbreve.ss01
germandbls.calt
germandbls.sc
gravecmb.asc
gravecmb.cap
guillemotleft.case
guillemotright.case
guilsinglleft.case
guilsinglright.case
h.sc
hungarumlautcmb.asc
hungarumlautcmb.cap
hyphen.case
hypheninferior
hyphensuperior
i.sc
iacute.sc
iacute_j.loclNLD
iacute_j.loclNLD.sc
iacute_j.loclNLD.sc.ss05
icircumflex.sc
idieresis.sc
idotaccent
idotaccent.sc
igrave.sc
ij.sc
ij.sc.ss05
imacron.sc
indexring
iogonek.sc
iogonek_j
j.ogonek
j.sc
j_j.liga
jdotless.ogonek
k.sc
l.sc
l.ss02
lacute.sc
lacute.ss02
lcaron.sc
lcaron.ss02
ldot.sc
ldot.ss02
longs.component
longs_i
longs_l
longs_l.ss02
longs_s
lslash.sc
lslash.ss02
m.sc
n.sc
n.swsh
nacute.sc
nacute.swsh
ncaron.sc
ncaron.swsh
nine.dnom
nine.numr
nine.osf
nine.sc
nine.tf
nine.tosf
ntilde.sc
ntilde.swsh
numbersign.tf
o.sc
oacute.sc
ocircumflex.sc
odieresis.sc
odieresis.titl.sc
oe.sc
ogonek.A
ogonek.E
ogonek.I
ogonek.e
ograve.sc
ohungarumlaut.sc
omacron.sc
one.dnom
one.numr
one.osf
one.sc
one.tf
one.tosf
oslash.sc
otilde.sc
p.sc
parenleft.case
parenright.case
period.tf
periodcentered.case
periodcentered.loclCAT
periodcentered.loclCAT.case
periodcentered.loclCAT.sc
periodcentered.loclCAT.ss02
periodcentered.sc
periodinferior
periodsuperior
q.sc
question.sc
questiondown.case
questiondown.sc
quotedbl.sc
quotedblleft.sc
quotedblright.sc
quoteleft.sc
quoteright.sc
quotesingle.sc
r.sc
r.sc.ss03
r.swsh
racute.sc
racute.sc.ss03
racute.swsh
rcaron.sc
rcaron.sc.ss03
rcaron.swsh
registeredsuperior
s.sc
s_t
sacute.sc
scaron.sc
semicolon.tf
seven.dnom
seven.numr
seven.osf
seven.sc
seven.tf
seven.tosf
six.dnom
six.numr
six.osf
six.sc
six.tf
six.tosf
space.tf
spacesuperior
sterling.part
sterling.part.tf
sterling.tf
swash_bttmleft
t.sc
t.swsh
t_t.liga
tcaron.sc
tcaron.swsh
thorn.sc
three.dnom
three.numr
three.osf
three.sc
three.tf
three.tosf
two.dnom
two.numr
two.osf
two.sc
two.tf
two.tosf
u.sc
uacute.sc
ucircumflex.sc
udieresis.sc
udieresis.titl.sc
ugrave.sc
uhungarumlaut.sc
umacron.sc
uni0122.sc
uni0122.sc.ss04
uni0122.ss04
uni0123.ss01
uni0136.sc
uni013B.sc
uni013B.swsh
uni013C.ss02
uni0145.sc
uni0145.swsh
uni0146.swsh
uni0156.sc
uni0156.sc.ss03
uni0156.ss03
uni0156.swsh
uni0156.swsh.001
uni0157.swsh
uni015E.sc
uni015E.swsh
uni0162.sc
uni0162.swsh
uni0163.swsh
uni0218.sc
uni0218.swsh
uni021A.sc
uni021A.swsh
uni021B.swsh
uni20BA.tf
uni20BD.tf
uniF8FF.001
uogonek.sc
uogonek_j
uring.sc
v.sc
w.sc
whiteCircle.case
whiteDiamond.case
whiteSmallSquare.case
x.sc
y.sc
y.swsh
yacute.sc
yacute.swsh
ydieresis.sc
ydieresis.swsh
ydieresis.titl.sc
yen.tf
z.sc
zacute.sc
zcaron.sc
zdotaccent.sc
zero.dnom
zero.numr
zero.osf
zero.osf.zero
zero.sc
zero.tf
zero.tf.zero
zero.tosf
zero.tosf.zero
zero.zero
2016-07-27 16:54:22,716 MutatorMath Writing WorkSans-Medium.ufo to master_ufo/../instance_ufo/WorkSans-Medium.ufo
2016-07-27 16:54:27,482 MutatorMath ../instance_ufo/WorkSans-Medium.ufo:
Errors calculating 2 glyphs: 
curvedStemParagraphSignOrnament
paragraph
2016-07-27 16:54:27,483 MutatorMath ../instance_ufo/WorkSans-Medium.ufo:
Missing unicodes for 412 glyphs: 
.notdef
A.swsh
Aacute.swsh
Abreve.swsh
Acircumflex.swsh
Adieresis.swsh
Adieresis.titl
Adieresis.titl.001
Agrave.swsh
Amacron.swsh
Aogonek.swsh
Aogonek_j
Aogonek_y
Atilde.swsh
E.swsh
E.swsh.001
Eacute.swsh
Eacute.swsh.001
Ecaron.swsh
Ecaron.swsh.001
Ecircumflex.swsh
Ecircumflex.swsh.001
Edieresis.swsh
Edieresis.swsh.001
Edotaccent.swsh
Edotaccent.swsh.001
Egrave.swsh
Egrave.swsh.001
Emacron.swsh
Emacron.swsh.001
Eogonek.swsh
Euro.tf
F.swsh
G.ss04
Gbreve.ss04
Hinferior
Hsuperior
IJ.ss05
Iacute_J.loclNLD
Iacute_J.loclNLD.ss05
L.swsh
Lacute.swsh
Lcaron.swsh
Lslash.swsh
M.swsh
M.swsh.001
N.swsh
Nacute.swsh
Ncaron.swsh
Ntilde.swsh
Odieresis.titl
Odieresis.titl.001
Oinferior
Osuperior
R.ss03
R.swsh
R.swsh.001
Racute.ss03
Racute.swsh
Racute.swsh.001
Rcaron.ss03
Rcaron.swsh
Rcaron.swsh.001
S.swsh
Sacute.swsh
Scaron.swsh
T.swsh
Tcaron.swsh
Udieresis.titl
W.swsh
Ydieresis.titl
__swash_topleft
a.sc
aacute.sc
abreve.sc
acircumflex.sc
acutecmb.asc
acutecmb.cap
adieresis.sc
adieresis.titl.sc
ae.sc
agrave.sc
amacron.sc
ampersand.sc
aogonek.sc
aogonek_j
aring.sc
at.case
atilde.sc
b.sc
bar.case
blackCircle.case
blackDiamond.case
blackSmallSquare.case
bowl
braceleft.case
braceright.case
bracketleft.case
bracketleftinferior
bracketleftsuperior
bracketright.case
bracketrightinferior
bracketrightsuperior
c.sc
c_t
cacute.sc
caron.alt
caroncmb.asc
caroncmb.cap
ccaron.sc
ccedilla.sc
cent.001
cent.tf
circumflexcmb.asc
circumflexcmb.cap
colon.tf
coloninferior
colonsuperior
comma.tf
commainferior
commasuperior
currency.tf
d.sc
daggerdblsuperior
daggersuperior
dcaron.sc
dcroat.sc
dollar.001
dollar.tf
e.sc
eacute.sc
ecaron.sc
ecircumflex.sc
edieresis.sc
edotaccent.sc
egrave.sc
eight.dnom
eight.numr
eight.osf
eight.sc
eight.tf
eight.tosf
emacron.sc
emdash.case
emdashinferior
emdashsuperior
endash.case
endashinferior
endashsuperior
eogonek.sc
eth.sc
euro.part
euro.part.tf
exclam.sc
exclamdown.case
exclamdown.sc
f.sc
f_idieresis
f_t.liga
five.dnom
five.numr
five.osf
five.sc
five.tf
five.tosf
fl.ss02
florin.tf
four.dnom
four.numr
four.osf
four.sc
four.tf
four.tosf
g.sc
g.sc.ss04
g.ss01
g.ss01_j.liga
g_idieresis
g_j.liga
gbase
gbreve.sc
gbreve.sc.ss04
gbreve.ss01
germandbls.calt
germandbls.sc
gravecmb.asc
gravecmb.cap
guillemotleft.case
guillemotright.case
guilsinglleft.case
guilsinglright.case
h.sc
hungarumlautcmb.asc
hungarumlautcmb.cap
hyphen.case
hypheninferior
hyphensuperior
i.sc
iacute.sc
iacute_j.loclNLD
iacute_j.loclNLD.sc
iacute_j.loclNLD.sc.ss05
icircumflex.sc
idieresis.sc
idotaccent
idotaccent.sc
igrave.sc
ij.sc
ij.sc.ss05
imacron.sc
indexring
iogonek.sc
iogonek_j
j.ogonek
j.sc
j_j.liga
jdotless.ogonek
k.sc
l.sc
l.ss02
lacute.sc
lacute.ss02
lcaron.sc
lcaron.ss02
ldot.sc
ldot.ss02
longs.component
longs_i
longs_l
longs_l.ss02
longs_s
lslash.sc
lslash.ss02
m.sc
n.sc
n.swsh
nacute.sc
nacute.swsh
ncaron.sc
ncaron.swsh
nine.dnom
nine.numr
nine.osf
nine.sc
nine.tf
nine.tosf
ntilde.sc
ntilde.swsh
numbersign.tf
o.sc
oacute.sc
ocircumflex.sc
odieresis.sc
odieresis.titl.sc
oe.sc
ogonek.A
ogonek.E
ogonek.I
ogonek.e
ograve.sc
ohungarumlaut.sc
omacron.sc
one.dnom
one.numr
one.osf
one.sc
one.tf
one.tosf
oslash.sc
otilde.sc
p.sc
parenleft.case
parenright.case
period.tf
periodcentered.case
periodcentered.loclCAT
periodcentered.loclCAT.case
periodcentered.loclCAT.sc
periodcentered.loclCAT.ss02
periodcentered.sc
periodinferior
periodsuperior
q.sc
question.sc
questiondown.case
questiondown.sc
quotedbl.sc
quotedblleft.sc
quotedblright.sc
quoteleft.sc
quoteright.sc
quotesingle.sc
r.sc
r.sc.ss03
r.swsh
racute.sc
racute.sc.ss03
racute.swsh
rcaron.sc
rcaron.sc.ss03
rcaron.swsh
registeredsuperior
s.sc
s_t
sacute.sc
scaron.sc
semicolon.tf
seven.dnom
seven.numr
seven.osf
seven.sc
seven.tf
seven.tosf
six.dnom
six.numr
six.osf
six.sc
six.tf
six.tosf
space.tf
spacesuperior
sterling.part
sterling.part.tf
sterling.tf
swash_bttmleft
t.sc
t.swsh
t_t.liga
tcaron.sc
tcaron.swsh
thorn.sc
three.dnom
three.numr
three.osf
three.sc
three.tf
three.tosf
two.dnom
two.numr
two.osf
two.sc
two.tf
two.tosf
u.sc
uacute.sc
ucircumflex.sc
udieresis.sc
udieresis.titl.sc
ugrave.sc
uhungarumlaut.sc
umacron.sc
uni0122.sc
uni0122.sc.ss04
uni0122.ss04
uni0123.ss01
uni0136.sc
uni013B.sc
uni013B.swsh
uni013C.ss02
uni0145.sc
uni0145.swsh
uni0146.swsh
uni0156.sc
uni0156.sc.ss03
uni0156.ss03
uni0156.swsh
uni0156.swsh.001
uni0157.swsh
uni015E.sc
uni015E.swsh
uni0162.sc
uni0162.swsh
uni0163.swsh
uni0218.sc
uni0218.swsh
uni021A.sc
uni021A.swsh
uni021B.swsh
uni20BA.tf
uni20BD.tf
uniF8FF.001
uogonek.sc
uogonek_j
uring.sc
v.sc
w.sc
whiteCircle.case
whiteDiamond.case
whiteSmallSquare.case
x.sc
y.sc
y.swsh
yacute.sc
yacute.swsh
ydieresis.sc
ydieresis.swsh
ydieresis.titl.sc
yen.tf
z.sc
zacute.sc
zcaron.sc
zdotaccent.sc
zero.dnom
zero.numr
zero.osf
zero.osf.zero
zero.sc
zero.tf
zero.tf.zero
zero.tosf
zero.tosf.zero
zero.zero
2016-07-27 16:54:27,718 MutatorMath Writing WorkSans-SemiBold.ufo to master_ufo/../instance_ufo/WorkSans-SemiBold.ufo
2016-07-27 16:54:33,650 MutatorMath ../instance_ufo/WorkSans-SemiBold.ufo:
Errors calculating 2 glyphs: 
curvedStemParagraphSignOrnament
paragraph
2016-07-27 16:54:33,650 MutatorMath ../instance_ufo/WorkSans-SemiBold.ufo:
Missing unicodes for 412 glyphs: 
.notdef
A.swsh
Aacute.swsh
Abreve.swsh
Acircumflex.swsh
Adieresis.swsh
Adieresis.titl
Adieresis.titl.001
Agrave.swsh
Amacron.swsh
Aogonek.swsh
Aogonek_j
Aogonek_y
Atilde.swsh
E.swsh
E.swsh.001
Eacute.swsh
Eacute.swsh.001
Ecaron.swsh
Ecaron.swsh.001
Ecircumflex.swsh
Ecircumflex.swsh.001
Edieresis.swsh
Edieresis.swsh.001
Edotaccent.swsh
Edotaccent.swsh.001
Egrave.swsh
Egrave.swsh.001
Emacron.swsh
Emacron.swsh.001
Eogonek.swsh
Euro.tf
F.swsh
G.ss04
Gbreve.ss04
Hinferior
Hsuperior
IJ.ss05
Iacute_J.loclNLD
Iacute_J.loclNLD.ss05
L.swsh
Lacute.swsh
Lcaron.swsh
Lslash.swsh
M.swsh
M.swsh.001
N.swsh
Nacute.swsh
Ncaron.swsh
Ntilde.swsh
Odieresis.titl
Odieresis.titl.001
Oinferior
Osuperior
R.ss03
R.swsh
R.swsh.001
Racute.ss03
Racute.swsh
Racute.swsh.001
Rcaron.ss03
Rcaron.swsh
Rcaron.swsh.001
S.swsh
Sacute.swsh
Scaron.swsh
T.swsh
Tcaron.swsh
Udieresis.titl
W.swsh
Ydieresis.titl
__swash_topleft
a.sc
aacute.sc
abreve.sc
acircumflex.sc
acutecmb.asc
acutecmb.cap
adieresis.sc
adieresis.titl.sc
ae.sc
agrave.sc
amacron.sc
ampersand.sc
aogonek.sc
aogonek_j
aring.sc
at.case
atilde.sc
b.sc
bar.case
blackCircle.case
blackDiamond.case
blackSmallSquare.case
bowl
braceleft.case
braceright.case
bracketleft.case
bracketleftinferior
bracketleftsuperior
bracketright.case
bracketrightinferior
bracketrightsuperior
c.sc
c_t
cacute.sc
caron.alt
caroncmb.asc
caroncmb.cap
ccaron.sc
ccedilla.sc
cent.001
cent.tf
circumflexcmb.asc
circumflexcmb.cap
colon.tf
coloninferior
colonsuperior
comma.tf
commainferior
commasuperior
currency.tf
d.sc
daggerdblsuperior
daggersuperior
dcaron.sc
dcroat.sc
dollar.001
dollar.tf
e.sc
eacute.sc
ecaron.sc
ecircumflex.sc
edieresis.sc
edotaccent.sc
egrave.sc
eight.dnom
eight.numr
eight.osf
eight.sc
eight.tf
eight.tosf
emacron.sc
emdash.case
emdashinferior
emdashsuperior
endash.case
endashinferior
endashsuperior
eogonek.sc
eth.sc
euro.part
euro.part.tf
exclam.sc
exclamdown.case
exclamdown.sc
f.sc
f_idieresis
f_t.liga
five.dnom
five.numr
five.osf
five.sc
five.tf
five.tosf
fl.ss02
florin.tf
four.dnom
four.numr
four.osf
four.sc
four.tf
four.tosf
g.sc
g.sc.ss04
g.ss01
g.ss01_j.liga
g_idieresis
g_j.liga
gbase
gbreve.sc
gbreve.sc.ss04
gbreve.ss01
germandbls.calt
germandbls.sc
gravecmb.asc
gravecmb.cap
guillemotleft.case
guillemotright.case
guilsinglleft.case
guilsinglright.case
h.sc
hungarumlautcmb.asc
hungarumlautcmb.cap
hyphen.case
hypheninferior
hyphensuperior
i.sc
iacute.sc
iacute_j.loclNLD
iacute_j.loclNLD.sc
iacute_j.loclNLD.sc.ss05
icircumflex.sc
idieresis.sc
idotaccent
idotaccent.sc
igrave.sc
ij.sc
ij.sc.ss05
imacron.sc
indexring
iogonek.sc
iogonek_j
j.ogonek
j.sc
j_j.liga
jdotless.ogonek
k.sc
l.sc
l.ss02
lacute.sc
lacute.ss02
lcaron.sc
lcaron.ss02
ldot.sc
ldot.ss02
longs.component
longs_i
longs_l
longs_l.ss02
longs_s
lslash.sc
lslash.ss02
m.sc
n.sc
n.swsh
nacute.sc
nacute.swsh
ncaron.sc
ncaron.swsh
nine.dnom
nine.numr
nine.osf
nine.sc
nine.tf
nine.tosf
ntilde.sc
ntilde.swsh
numbersign.tf
o.sc
oacute.sc
ocircumflex.sc
odieresis.sc
odieresis.titl.sc
oe.sc
ogonek.A
ogonek.E
ogonek.I
ogonek.e
ograve.sc
ohungarumlaut.sc
omacron.sc
one.dnom
one.numr
one.osf
one.sc
one.tf
one.tosf
oslash.sc
otilde.sc
p.sc
parenleft.case
parenright.case
period.tf
periodcentered.case
periodcentered.loclCAT
periodcentered.loclCAT.case
periodcentered.loclCAT.sc
periodcentered.loclCAT.ss02
periodcentered.sc
periodinferior
periodsuperior
q.sc
question.sc
questiondown.case
questiondown.sc
quotedbl.sc
quotedblleft.sc
quotedblright.sc
quoteleft.sc
quoteright.sc
quotesingle.sc
r.sc
r.sc.ss03
r.swsh
racute.sc
racute.sc.ss03
racute.swsh
rcaron.sc
rcaron.sc.ss03
rcaron.swsh
registeredsuperior
s.sc
s_t
sacute.sc
scaron.sc
semicolon.tf
seven.dnom
seven.numr
seven.osf
seven.sc
seven.tf
seven.tosf
six.dnom
six.numr
six.osf
six.sc
six.tf
six.tosf
space.tf
spacesuperior
sterling.part
sterling.part.tf
sterling.tf
swash_bttmleft
t.sc
t.swsh
t_t.liga
tcaron.sc
tcaron.swsh
thorn.sc
three.dnom
three.numr
three.osf
three.sc
three.tf
three.tosf
two.dnom
two.numr
two.osf
two.sc
two.tf
two.tosf
u.sc
uacute.sc
ucircumflex.sc
udieresis.sc
udieresis.titl.sc
ugrave.sc
uhungarumlaut.sc
umacron.sc
uni0122.sc
uni0122.sc.ss04
uni0122.ss04
uni0123.ss01
uni0136.sc
uni013B.sc
uni013B.swsh
uni013C.ss02
uni0145.sc
uni0145.swsh
uni0146.swsh
uni0156.sc
uni0156.sc.ss03
uni0156.ss03
uni0156.swsh
uni0156.swsh.001
uni0157.swsh
uni015E.sc
uni015E.swsh
uni0162.sc
uni0162.swsh
uni0163.swsh
uni0218.sc
uni0218.swsh
uni021A.sc
uni021A.swsh
uni021B.swsh
uni20BA.tf
uni20BD.tf
uniF8FF.001
uogonek.sc
uogonek_j
uring.sc
v.sc
w.sc
whiteCircle.case
whiteDiamond.case
whiteSmallSquare.case
x.sc
y.sc
y.swsh
yacute.sc
yacute.swsh
ydieresis.sc
ydieresis.swsh
ydieresis.titl.sc
yen.tf
z.sc
zacute.sc
zcaron.sc
zdotaccent.sc
zero.dnom
zero.numr
zero.osf
zero.osf.zero
zero.sc
zero.tf
zero.tf.zero
zero.tosf
zero.tosf.zero
zero.zero
2016-07-27 16:54:33,925 MutatorMath Writing WorkSans-Bold.ufo to master_ufo/../instance_ufo/WorkSans-Bold.ufo
2016-07-27 16:54:39,328 MutatorMath ../instance_ufo/WorkSans-Bold.ufo:
Errors calculating 2 glyphs: 
curvedStemParagraphSignOrnament
paragraph
2016-07-27 16:54:39,329 MutatorMath ../instance_ufo/WorkSans-Bold.ufo:
Missing unicodes for 412 glyphs: 
.notdef
A.swsh
Aacute.swsh
Abreve.swsh
Acircumflex.swsh
Adieresis.swsh
Adieresis.titl
Adieresis.titl.001
Agrave.swsh
Amacron.swsh
Aogonek.swsh
Aogonek_j
Aogonek_y
Atilde.swsh
E.swsh
E.swsh.001
Eacute.swsh
Eacute.swsh.001
Ecaron.swsh
Ecaron.swsh.001
Ecircumflex.swsh
Ecircumflex.swsh.001
Edieresis.swsh
Edieresis.swsh.001
Edotaccent.swsh
Edotaccent.swsh.001
Egrave.swsh
Egrave.swsh.001
Emacron.swsh
Emacron.swsh.001
Eogonek.swsh
Euro.tf
F.swsh
G.ss04
Gbreve.ss04
Hinferior
Hsuperior
IJ.ss05
Iacute_J.loclNLD
Iacute_J.loclNLD.ss05
L.swsh
Lacute.swsh
Lcaron.swsh
Lslash.swsh
M.swsh
M.swsh.001
N.swsh
Nacute.swsh
Ncaron.swsh
Ntilde.swsh
Odieresis.titl
Odieresis.titl.001
Oinferior
Osuperior
R.ss03
R.swsh
R.swsh.001
Racute.ss03
Racute.swsh
Racute.swsh.001
Rcaron.ss03
Rcaron.swsh
Rcaron.swsh.001
S.swsh
Sacute.swsh
Scaron.swsh
T.swsh
Tcaron.swsh
Udieresis.titl
W.swsh
Ydieresis.titl
__swash_topleft
a.sc
aacute.sc
abreve.sc
acircumflex.sc
acutecmb.asc
acutecmb.cap
adieresis.sc
adieresis.titl.sc
ae.sc
agrave.sc
amacron.sc
ampersand.sc
aogonek.sc
aogonek_j
aring.sc
at.case
atilde.sc
b.sc
bar.case
blackCircle.case
blackDiamond.case
blackSmallSquare.case
bowl
braceleft.case
braceright.case
bracketleft.case
bracketleftinferior
bracketleftsuperior
bracketright.case
bracketrightinferior
bracketrightsuperior
c.sc
c_t
cacute.sc
caron.alt
caroncmb.asc
caroncmb.cap
ccaron.sc
ccedilla.sc
cent.001
cent.tf
circumflexcmb.asc
circumflexcmb.cap
colon.tf
coloninferior
colonsuperior
comma.tf
commainferior
commasuperior
currency.tf
d.sc
daggerdblsuperior
daggersuperior
dcaron.sc
dcroat.sc
dollar.001
dollar.tf
e.sc
eacute.sc
ecaron.sc
ecircumflex.sc
edieresis.sc
edotaccent.sc
egrave.sc
eight.dnom
eight.numr
eight.osf
eight.sc
eight.tf
eight.tosf
emacron.sc
emdash.case
emdashinferior
emdashsuperior
endash.case
endashinferior
endashsuperior
eogonek.sc
eth.sc
euro.part
euro.part.tf
exclam.sc
exclamdown.case
exclamdown.sc
f.sc
f_idieresis
f_t.liga
five.dnom
five.numr
five.osf
five.sc
five.tf
five.tosf
fl.ss02
florin.tf
four.dnom
four.numr
four.osf
four.sc
four.tf
four.tosf
g.sc
g.sc.ss04
g.ss01
g.ss01_j.liga
g_idieresis
g_j.liga
gbase
gbreve.sc
gbreve.sc.ss04
gbreve.ss01
germandbls.calt
germandbls.sc
gravecmb.asc
gravecmb.cap
guillemotleft.case
guillemotright.case
guilsinglleft.case
guilsinglright.case
h.sc
hungarumlautcmb.asc
hungarumlautcmb.cap
hyphen.case
hypheninferior
hyphensuperior
i.sc
iacute.sc
iacute_j.loclNLD
iacute_j.loclNLD.sc
iacute_j.loclNLD.sc.ss05
icircumflex.sc
idieresis.sc
idotaccent
idotaccent.sc
igrave.sc
ij.sc
ij.sc.ss05
imacron.sc
indexring
iogonek.sc
iogonek_j
j.ogonek
j.sc
j_j.liga
jdotless.ogonek
k.sc
l.sc
l.ss02
lacute.sc
lacute.ss02
lcaron.sc
lcaron.ss02
ldot.sc
ldot.ss02
longs.component
longs_i
longs_l
longs_l.ss02
longs_s
lslash.sc
lslash.ss02
m.sc
n.sc
n.swsh
nacute.sc
nacute.swsh
ncaron.sc
ncaron.swsh
nine.dnom
nine.numr
nine.osf
nine.sc
nine.tf
nine.tosf
ntilde.sc
ntilde.swsh
numbersign.tf
o.sc
oacute.sc
ocircumflex.sc
odieresis.sc
odieresis.titl.sc
oe.sc
ogonek.A
ogonek.E
ogonek.I
ogonek.e
ograve.sc
ohungarumlaut.sc
omacron.sc
one.dnom
one.numr
one.osf
one.sc
one.tf
one.tosf
oslash.sc
otilde.sc
p.sc
parenleft.case
parenright.case
period.tf
periodcentered.case
periodcentered.loclCAT
periodcentered.loclCAT.case
periodcentered.loclCAT.sc
periodcentered.loclCAT.ss02
periodcentered.sc
periodinferior
periodsuperior
q.sc
question.sc
questiondown.case
questiondown.sc
quotedbl.sc
quotedblleft.sc
quotedblright.sc
quoteleft.sc
quoteright.sc
quotesingle.sc
r.sc
r.sc.ss03
r.swsh
racute.sc
racute.sc.ss03
racute.swsh
rcaron.sc
rcaron.sc.ss03
rcaron.swsh
registeredsuperior
s.sc
s_t
sacute.sc
scaron.sc
semicolon.tf
seven.dnom
seven.numr
seven.osf
seven.sc
seven.tf
seven.tosf
six.dnom
six.numr
six.osf
six.sc
six.tf
six.tosf
space.tf
spacesuperior
sterling.part
sterling.part.tf
sterling.tf
swash_bttmleft
t.sc
t.swsh
t_t.liga
tcaron.sc
tcaron.swsh
thorn.sc
three.dnom
three.numr
three.osf
three.sc
three.tf
three.tosf
two.dnom
two.numr
two.osf
two.sc
two.tf
two.tosf
u.sc
uacute.sc
ucircumflex.sc
udieresis.sc
udieresis.titl.sc
ugrave.sc
uhungarumlaut.sc
umacron.sc
uni0122.sc
uni0122.sc.ss04
uni0122.ss04
uni0123.ss01
uni0136.sc
uni013B.sc
uni013B.swsh
uni013C.ss02
uni0145.sc
uni0145.swsh
uni0146.swsh
uni0156.sc
uni0156.sc.ss03
uni0156.ss03
uni0156.swsh
uni0156.swsh.001
uni0157.swsh
uni015E.sc
uni015E.swsh
uni0162.sc
uni0162.swsh
uni0163.swsh
uni0218.sc
uni0218.swsh
uni021A.sc
uni021A.swsh
uni021B.swsh
uni20BA.tf
uni20BD.tf
uniF8FF.001
uogonek.sc
uogonek_j
uring.sc
v.sc
w.sc
whiteCircle.case
whiteDiamond.case
whiteSmallSquare.case
x.sc
y.sc
y.swsh
yacute.sc
yacute.swsh
ydieresis.sc
ydieresis.swsh
ydieresis.titl.sc
yen.tf
z.sc
zacute.sc
zcaron.sc
zdotaccent.sc
zero.dnom
zero.numr
zero.osf
zero.osf.zero
zero.sc
zero.tf
zero.tf.zero
zero.tosf
zero.tosf.zero
zero.zero
2016-07-27 16:54:39,534 MutatorMath Writing WorkSans-ExtraBold.ufo to master_ufo/../instance_ufo/WorkSans-ExtraBold.ufo
2016-07-27 16:54:43,304 MutatorMath ../instance_ufo/WorkSans-ExtraBold.ufo:
Errors calculating 2 glyphs: 
curvedStemParagraphSignOrnament
paragraph
2016-07-27 16:54:43,304 MutatorMath ../instance_ufo/WorkSans-ExtraBold.ufo:
Missing unicodes for 412 glyphs: 
.notdef
A.swsh
Aacute.swsh
Abreve.swsh
Acircumflex.swsh
Adieresis.swsh
Adieresis.titl
Adieresis.titl.001
Agrave.swsh
Amacron.swsh
Aogonek.swsh
Aogonek_j
Aogonek_y
Atilde.swsh
E.swsh
E.swsh.001
Eacute.swsh
Eacute.swsh.001
Ecaron.swsh
Ecaron.swsh.001
Ecircumflex.swsh
Ecircumflex.swsh.001
Edieresis.swsh
Edieresis.swsh.001
Edotaccent.swsh
Edotaccent.swsh.001
Egrave.swsh
Egrave.swsh.001
Emacron.swsh
Emacron.swsh.001
Eogonek.swsh
Euro.tf
F.swsh
G.ss04
Gbreve.ss04
Hinferior
Hsuperior
IJ.ss05
Iacute_J.loclNLD
Iacute_J.loclNLD.ss05
L.swsh
Lacute.swsh
Lcaron.swsh
Lslash.swsh
M.swsh
M.swsh.001
N.swsh
Nacute.swsh
Ncaron.swsh
Ntilde.swsh
Odieresis.titl
Odieresis.titl.001
Oinferior
Osuperior
R.ss03
R.swsh
R.swsh.001
Racute.ss03
Racute.swsh
Racute.swsh.001
Rcaron.ss03
Rcaron.swsh
Rcaron.swsh.001
S.swsh
Sacute.swsh
Scaron.swsh
T.swsh
Tcaron.swsh
Udieresis.titl
W.swsh
Ydieresis.titl
__swash_topleft
a.sc
aacute.sc
abreve.sc
acircumflex.sc
acutecmb.asc
acutecmb.cap
adieresis.sc
adieresis.titl.sc
ae.sc
agrave.sc
amacron.sc
ampersand.sc
aogonek.sc
aogonek_j
aring.sc
at.case
atilde.sc
b.sc
bar.case
blackCircle.case
blackDiamond.case
blackSmallSquare.case
bowl
braceleft.case
braceright.case
bracketleft.case
bracketleftinferior
bracketleftsuperior
bracketright.case
bracketrightinferior
bracketrightsuperior
c.sc
c_t
cacute.sc
caron.alt
caroncmb.asc
caroncmb.cap
ccaron.sc
ccedilla.sc
cent.001
cent.tf
circumflexcmb.asc
circumflexcmb.cap
colon.tf
coloninferior
colonsuperior
comma.tf
commainferior
commasuperior
currency.tf
d.sc
daggerdblsuperior
daggersuperior
dcaron.sc
dcroat.sc
dollar.001
dollar.tf
e.sc
eacute.sc
ecaron.sc
ecircumflex.sc
edieresis.sc
edotaccent.sc
egrave.sc
eight.dnom
eight.numr
eight.osf
eight.sc
eight.tf
eight.tosf
emacron.sc
emdash.case
emdashinferior
emdashsuperior
endash.case
endashinferior
endashsuperior
eogonek.sc
eth.sc
euro.part
euro.part.tf
exclam.sc
exclamdown.case
exclamdown.sc
f.sc
f_idieresis
f_t.liga
five.dnom
five.numr
five.osf
five.sc
five.tf
five.tosf
fl.ss02
florin.tf
four.dnom
four.numr
four.osf
four.sc
four.tf
four.tosf
g.sc
g.sc.ss04
g.ss01
g.ss01_j.liga
g_idieresis
g_j.liga
gbase
gbreve.sc
gbreve.sc.ss04
gbreve.ss01
germandbls.calt
germandbls.sc
gravecmb.asc
gravecmb.cap
guillemotleft.case
guillemotright.case
guilsinglleft.case
guilsinglright.case
h.sc
hungarumlautcmb.asc
hungarumlautcmb.cap
hyphen.case
hypheninferior
hyphensuperior
i.sc
iacute.sc
iacute_j.loclNLD
iacute_j.loclNLD.sc
iacute_j.loclNLD.sc.ss05
icircumflex.sc
idieresis.sc
idotaccent
idotaccent.sc
igrave.sc
ij.sc
ij.sc.ss05
imacron.sc
indexring
iogonek.sc
iogonek_j
j.ogonek
j.sc
j_j.liga
jdotless.ogonek
k.sc
l.sc
l.ss02
lacute.sc
lacute.ss02
lcaron.sc
lcaron.ss02
ldot.sc
ldot.ss02
longs.component
longs_i
longs_l
longs_l.ss02
longs_s
lslash.sc
lslash.ss02
m.sc
n.sc
n.swsh
nacute.sc
nacute.swsh
ncaron.sc
ncaron.swsh
nine.dnom
nine.numr
nine.osf
nine.sc
nine.tf
nine.tosf
ntilde.sc
ntilde.swsh
numbersign.tf
o.sc
oacute.sc
ocircumflex.sc
odieresis.sc
odieresis.titl.sc
oe.sc
ogonek.A
ogonek.E
ogonek.I
ogonek.e
ograve.sc
ohungarumlaut.sc
omacron.sc
one.dnom
one.numr
one.osf
one.sc
one.tf
one.tosf
oslash.sc
otilde.sc
p.sc
parenleft.case
parenright.case
period.tf
periodcentered.case
periodcentered.loclCAT
periodcentered.loclCAT.case
periodcentered.loclCAT.sc
periodcentered.loclCAT.ss02
periodcentered.sc
periodinferior
periodsuperior
q.sc
question.sc
questiondown.case
questiondown.sc
quotedbl.sc
quotedblleft.sc
quotedblright.sc
quoteleft.sc
quoteright.sc
quotesingle.sc
r.sc
r.sc.ss03
r.swsh
racute.sc
racute.sc.ss03
racute.swsh
rcaron.sc
rcaron.sc.ss03
rcaron.swsh
registeredsuperior
s.sc
s_t
sacute.sc
scaron.sc
semicolon.tf
seven.dnom
seven.numr
seven.osf
seven.sc
seven.tf
seven.tosf
six.dnom
six.numr
six.osf
six.sc
six.tf
six.tosf
space.tf
spacesuperior
sterling.part
sterling.part.tf
sterling.tf
swash_bttmleft
t.sc
t.swsh
t_t.liga
tcaron.sc
tcaron.swsh
thorn.sc
three.dnom
three.numr
three.osf
three.sc
three.tf
three.tosf
two.dnom
two.numr
two.osf
two.sc
two.tf
two.tosf
u.sc
uacute.sc
ucircumflex.sc
udieresis.sc
udieresis.titl.sc
ugrave.sc
uhungarumlaut.sc
umacron.sc
uni0122.sc
uni0122.sc.ss04
uni0122.ss04
uni0123.ss01
uni0136.sc
uni013B.sc
uni013B.swsh
uni013C.ss02
uni0145.sc
uni0145.swsh
uni0146.swsh
uni0156.sc
uni0156.sc.ss03
uni0156.ss03
uni0156.swsh
uni0156.swsh.001
uni0157.swsh
uni015E.sc
uni015E.swsh
uni0162.sc
uni0162.swsh
uni0163.swsh
uni0218.sc
uni0218.swsh
uni021A.sc
uni021A.swsh
uni021B.swsh
uni20BA.tf
uni20BD.tf
uniF8FF.001
uogonek.sc
uogonek_j
uring.sc
v.sc
w.sc
whiteCircle.case
whiteDiamond.case
whiteSmallSquare.case
x.sc
y.sc
y.swsh
yacute.sc
yacute.swsh
ydieresis.sc
ydieresis.swsh
ydieresis.titl.sc
yen.tf
z.sc
zacute.sc
zcaron.sc
zdotaccent.sc
zero.dnom
zero.numr
zero.osf
zero.osf.zero
zero.sc
zero.tf
zero.tf.zero
zero.tosf
zero.tosf.zero
zero.zero
2016-07-27 16:54:43,499 MutatorMath Writing WorkSans-Black.ufo to master_ufo/../instance_ufo/WorkSans-Black.ufo
2016-07-27 16:54:47,708 MutatorMath ../instance_ufo/WorkSans-Black.ufo:
Errors calculating 2 glyphs: 
curvedStemParagraphSignOrnament
paragraph
2016-07-27 16:54:47,708 MutatorMath ../instance_ufo/WorkSans-Black.ufo:
Missing unicodes for 412 glyphs: 
.notdef
A.swsh
Aacute.swsh
Abreve.swsh
Acircumflex.swsh
Adieresis.swsh
Adieresis.titl
Adieresis.titl.001
Agrave.swsh
Amacron.swsh
Aogonek.swsh
Aogonek_j
Aogonek_y
Atilde.swsh
E.swsh
E.swsh.001
Eacute.swsh
Eacute.swsh.001
Ecaron.swsh
Ecaron.swsh.001
Ecircumflex.swsh
Ecircumflex.swsh.001
Edieresis.swsh
Edieresis.swsh.001
Edotaccent.swsh
Edotaccent.swsh.001
Egrave.swsh
Egrave.swsh.001
Emacron.swsh
Emacron.swsh.001
Eogonek.swsh
Euro.tf
F.swsh
G.ss04
Gbreve.ss04
Hinferior
Hsuperior
IJ.ss05
Iacute_J.loclNLD
Iacute_J.loclNLD.ss05
L.swsh
Lacute.swsh
Lcaron.swsh
Lslash.swsh
M.swsh
M.swsh.001
N.swsh
Nacute.swsh
Ncaron.swsh
Ntilde.swsh
Odieresis.titl
Odieresis.titl.001
Oinferior
Osuperior
R.ss03
R.swsh
R.swsh.001
Racute.ss03
Racute.swsh
Racute.swsh.001
Rcaron.ss03
Rcaron.swsh
Rcaron.swsh.001
S.swsh
Sacute.swsh
Scaron.swsh
T.swsh
Tcaron.swsh
Udieresis.titl
W.swsh
Ydieresis.titl
__swash_topleft
a.sc
aacute.sc
abreve.sc
acircumflex.sc
acutecmb.asc
acutecmb.cap
adieresis.sc
adieresis.titl.sc
ae.sc
agrave.sc
amacron.sc
ampersand.sc
aogonek.sc
aogonek_j
aring.sc
at.case
atilde.sc
b.sc
bar.case
blackCircle.case
blackDiamond.case
blackSmallSquare.case
bowl
braceleft.case
braceright.case
bracketleft.case
bracketleftinferior
bracketleftsuperior
bracketright.case
bracketrightinferior
bracketrightsuperior
c.sc
c_t
cacute.sc
caron.alt
caroncmb.asc
caroncmb.cap
ccaron.sc
ccedilla.sc
cent.001
cent.tf
circumflexcmb.asc
circumflexcmb.cap
colon.tf
coloninferior
colonsuperior
comma.tf
commainferior
commasuperior
currency.tf
d.sc
daggerdblsuperior
daggersuperior
dcaron.sc
dcroat.sc
dollar.001
dollar.tf
e.sc
eacute.sc
ecaron.sc
ecircumflex.sc
edieresis.sc
edotaccent.sc
egrave.sc
eight.dnom
eight.numr
eight.osf
eight.sc
eight.tf
eight.tosf
emacron.sc
emdash.case
emdashinferior
emdashsuperior
endash.case
endashinferior
endashsuperior
eogonek.sc
eth.sc
euro.part
euro.part.tf
exclam.sc
exclamdown.case
exclamdown.sc
f.sc
f_idieresis
f_t.liga
five.dnom
five.numr
five.osf
five.sc
five.tf
five.tosf
fl.ss02
florin.tf
four.dnom
four.numr
four.osf
four.sc
four.tf
four.tosf
g.sc
g.sc.ss04
g.ss01
g.ss01_j.liga
g_idieresis
g_j.liga
gbase
gbreve.sc
gbreve.sc.ss04
gbreve.ss01
germandbls.calt
germandbls.sc
gravecmb.asc
gravecmb.cap
guillemotleft.case
guillemotright.case
guilsinglleft.case
guilsinglright.case
h.sc
hungarumlautcmb.asc
hungarumlautcmb.cap
hyphen.case
hypheninferior
hyphensuperior
i.sc
iacute.sc
iacute_j.loclNLD
iacute_j.loclNLD.sc
iacute_j.loclNLD.sc.ss05
icircumflex.sc
idieresis.sc
idotaccent
idotaccent.sc
igrave.sc
ij.sc
ij.sc.ss05
imacron.sc
indexring
iogonek.sc
iogonek_j
j.ogonek
j.sc
j_j.liga
jdotless.ogonek
k.sc
l.sc
l.ss02
lacute.sc
lacute.ss02
lcaron.sc
lcaron.ss02
ldot.sc
ldot.ss02
longs.component
longs_i
longs_l
longs_l.ss02
longs_s
lslash.sc
lslash.ss02
m.sc
n.sc
n.swsh
nacute.sc
nacute.swsh
ncaron.sc
ncaron.swsh
nine.dnom
nine.numr
nine.osf
nine.sc
nine.tf
nine.tosf
ntilde.sc
ntilde.swsh
numbersign.tf
o.sc
oacute.sc
ocircumflex.sc
odieresis.sc
odieresis.titl.sc
oe.sc
ogonek.A
ogonek.E
ogonek.I
ogonek.e
ograve.sc
ohungarumlaut.sc
omacron.sc
one.dnom
one.numr
one.osf
one.sc
one.tf
one.tosf
oslash.sc
otilde.sc
p.sc
parenleft.case
parenright.case
period.tf
periodcentered.case
periodcentered.loclCAT
periodcentered.loclCAT.case
periodcentered.loclCAT.sc
periodcentered.loclCAT.ss02
periodcentered.sc
periodinferior
periodsuperior
q.sc
question.sc
questiondown.case
questiondown.sc
quotedbl.sc
quotedblleft.sc
quotedblright.sc
quoteleft.sc
quoteright.sc
quotesingle.sc
r.sc
r.sc.ss03
r.swsh
racute.sc
racute.sc.ss03
racute.swsh
rcaron.sc
rcaron.sc.ss03
rcaron.swsh
registeredsuperior
s.sc
s_t
sacute.sc
scaron.sc
semicolon.tf
seven.dnom
seven.numr
seven.osf
seven.sc
seven.tf
seven.tosf
six.dnom
six.numr
six.osf
six.sc
six.tf
six.tosf
space.tf
spacesuperior
sterling.part
sterling.part.tf
sterling.tf
swash_bttmleft
t.sc
t.swsh
t_t.liga
tcaron.sc
tcaron.swsh
thorn.sc
three.dnom
three.numr
three.osf
three.sc
three.tf
three.tosf
two.dnom
two.numr
two.osf
two.sc
two.tf
two.tosf
u.sc
uacute.sc
ucircumflex.sc
udieresis.sc
udieresis.titl.sc
ugrave.sc
uhungarumlaut.sc
umacron.sc
uni0122.sc
uni0122.sc.ss04
uni0122.ss04
uni0123.ss01
uni0136.sc
uni013B.sc
uni013B.swsh
uni013C.ss02
uni0145.sc
uni0145.swsh
uni0146.swsh
uni0156.sc
uni0156.sc.ss03
uni0156.ss03
uni0156.swsh
uni0156.swsh.001
uni0157.swsh
uni015E.sc
uni015E.swsh
uni0162.sc
uni0162.swsh
uni0163.swsh
uni0218.sc
uni0218.swsh
uni021A.sc
uni021A.swsh
uni021B.swsh
uni20BA.tf
uni20BD.tf
uniF8FF.001
uogonek.sc
uogonek_j
uring.sc
v.sc
w.sc
whiteCircle.case
whiteDiamond.case
whiteSmallSquare.case
x.sc
y.sc
y.swsh
yacute.sc
yacute.swsh
ydieresis.sc
ydieresis.swsh
ydieresis.titl.sc
yen.tf
z.sc
zacute.sc
zcaron.sc
zdotaccent.sc
zero.dnom
zero.numr
zero.osf
zero.osf.zero
zero.sc
zero.tf
zero.tf.zero
zero.tosf
zero.tosf.zero
zero.zero
2016-07-27 16:54:47,909 MutatorMath Writing WorkSans-Thin.ufo to master_ufo/../instance_ufo/WorkSans-Thin.ufo
2016-07-27 16:54:52,638 MutatorMath ../instance_ufo/WorkSans-Thin.ufo:
Errors calculating 2 glyphs: 
curvedStemParagraphSignOrnament
paragraph
2016-07-27 16:54:52,638 MutatorMath ../instance_ufo/WorkSans-Thin.ufo:
Missing unicodes for 412 glyphs: 
.notdef
A.swsh
Aacute.swsh
Abreve.swsh
Acircumflex.swsh
Adieresis.swsh
Adieresis.titl
Adieresis.titl.001
Agrave.swsh
Amacron.swsh
Aogonek.swsh
Aogonek_j
Aogonek_y
Atilde.swsh
E.swsh
E.swsh.001
Eacute.swsh
Eacute.swsh.001
Ecaron.swsh
Ecaron.swsh.001
Ecircumflex.swsh
Ecircumflex.swsh.001
Edieresis.swsh
Edieresis.swsh.001
Edotaccent.swsh
Edotaccent.swsh.001
Egrave.swsh
Egrave.swsh.001
Emacron.swsh
Emacron.swsh.001
Eogonek.swsh
Euro.tf
F.swsh
G.ss04
Gbreve.ss04
Hinferior
Hsuperior
IJ.ss05
Iacute_J.loclNLD
Iacute_J.loclNLD.ss05
L.swsh
Lacute.swsh
Lcaron.swsh
Lslash.swsh
M.swsh
M.swsh.001
N.swsh
Nacute.swsh
Ncaron.swsh
Ntilde.swsh
Odieresis.titl
Odieresis.titl.001
Oinferior
Osuperior
R.ss03
R.swsh
R.swsh.001
Racute.ss03
Racute.swsh
Racute.swsh.001
Rcaron.ss03
Rcaron.swsh
Rcaron.swsh.001
S.swsh
Sacute.swsh
Scaron.swsh
T.swsh
Tcaron.swsh
Udieresis.titl
W.swsh
Ydieresis.titl
__swash_topleft
a.sc
aacute.sc
abreve.sc
acircumflex.sc
acutecmb.asc
acutecmb.cap
adieresis.sc
adieresis.titl.sc
ae.sc
agrave.sc
amacron.sc
ampersand.sc
aogonek.sc
aogonek_j
aring.sc
at.case
atilde.sc
b.sc
bar.case
blackCircle.case
blackDiamond.case
blackSmallSquare.case
bowl
braceleft.case
braceright.case
bracketleft.case
bracketleftinferior
bracketleftsuperior
bracketright.case
bracketrightinferior
bracketrightsuperior
c.sc
c_t
cacute.sc
caron.alt
caroncmb.asc
caroncmb.cap
ccaron.sc
ccedilla.sc
cent.001
cent.tf
circumflexcmb.asc
circumflexcmb.cap
colon.tf
coloninferior
colonsuperior
comma.tf
commainferior
commasuperior
currency.tf
d.sc
daggerdblsuperior
daggersuperior
dcaron.sc
dcroat.sc
dollar.001
dollar.tf
e.sc
eacute.sc
ecaron.sc
ecircumflex.sc
edieresis.sc
edotaccent.sc
egrave.sc
eight.dnom
eight.numr
eight.osf
eight.sc
eight.tf
eight.tosf
emacron.sc
emdash.case
emdashinferior
emdashsuperior
endash.case
endashinferior
endashsuperior
eogonek.sc
eth.sc
euro.part
euro.part.tf
exclam.sc
exclamdown.case
exclamdown.sc
f.sc
f_idieresis
f_t.liga
five.dnom
five.numr
five.osf
five.sc
five.tf
five.tosf
fl.ss02
florin.tf
four.dnom
four.numr
four.osf
four.sc
four.tf
four.tosf
g.sc
g.sc.ss04
g.ss01
g.ss01_j.liga
g_idieresis
g_j.liga
gbase
gbreve.sc
gbreve.sc.ss04
gbreve.ss01
germandbls.calt
germandbls.sc
gravecmb.asc
gravecmb.cap
guillemotleft.case
guillemotright.case
guilsinglleft.case
guilsinglright.case
h.sc
hungarumlautcmb.asc
hungarumlautcmb.cap
hyphen.case
hypheninferior
hyphensuperior
i.sc
iacute.sc
iacute_j.loclNLD
iacute_j.loclNLD.sc
iacute_j.loclNLD.sc.ss05
icircumflex.sc
idieresis.sc
idotaccent
idotaccent.sc
igrave.sc
ij.sc
ij.sc.ss05
imacron.sc
indexring
iogonek.sc
iogonek_j
j.ogonek
j.sc
j_j.liga
jdotless.ogonek
k.sc
l.sc
l.ss02
lacute.sc
lacute.ss02
lcaron.sc
lcaron.ss02
ldot.sc
ldot.ss02
longs.component
longs_i
longs_l
longs_l.ss02
longs_s
lslash.sc
lslash.ss02
m.sc
n.sc
n.swsh
nacute.sc
nacute.swsh
ncaron.sc
ncaron.swsh
nine.dnom
nine.numr
nine.osf
nine.sc
nine.tf
nine.tosf
ntilde.sc
ntilde.swsh
numbersign.tf
o.sc
oacute.sc
ocircumflex.sc
odieresis.sc
odieresis.titl.sc
oe.sc
ogonek.A
ogonek.E
ogonek.I
ogonek.e
ograve.sc
ohungarumlaut.sc
omacron.sc
one.dnom
one.numr
one.osf
one.sc
one.tf
one.tosf
oslash.sc
otilde.sc
p.sc
parenleft.case
parenright.case
period.tf
periodcentered.case
periodcentered.loclCAT
periodcentered.loclCAT.case
periodcentered.loclCAT.sc
periodcentered.loclCAT.ss02
periodcentered.sc
periodinferior
periodsuperior
q.sc
question.sc
questiondown.case
questiondown.sc
quotedbl.sc
quotedblleft.sc
quotedblright.sc
quoteleft.sc
quoteright.sc
quotesingle.sc
r.sc
r.sc.ss03
r.swsh
racute.sc
racute.sc.ss03
racute.swsh
rcaron.sc
rcaron.sc.ss03
rcaron.swsh
registeredsuperior
s.sc
s_t
sacute.sc
scaron.sc
semicolon.tf
seven.dnom
seven.numr
seven.osf
seven.sc
seven.tf
seven.tosf
six.dnom
six.numr
six.osf
six.sc
six.tf
six.tosf
space.tf
spacesuperior
sterling.part
sterling.part.tf
sterling.tf
swash_bttmleft
t.sc
t.swsh
t_t.liga
tcaron.sc
tcaron.swsh
thorn.sc
three.dnom
three.numr
three.osf
three.sc
three.tf
three.tosf
two.dnom
two.numr
two.osf
two.sc
two.tf
two.tosf
u.sc
uacute.sc
ucircumflex.sc
udieresis.sc
udieresis.titl.sc
ugrave.sc
uhungarumlaut.sc
umacron.sc
uni0122.sc
uni0122.sc.ss04
uni0122.ss04
uni0123.ss01
uni0136.sc
uni013B.sc
uni013B.swsh
uni013C.ss02
uni0145.sc
uni0145.swsh
uni0146.swsh
uni0156.sc
uni0156.sc.ss03
uni0156.ss03
uni0156.swsh
uni0156.swsh.001
uni0157.swsh
uni015E.sc
uni015E.swsh
uni0162.sc
uni0162.swsh
uni0163.swsh
uni0218.sc
uni0218.swsh
uni021A.sc
uni021A.swsh
uni021B.swsh
uni20BA.tf
uni20BD.tf
uniF8FF.001
uogonek.sc
uogonek_j
uring.sc
v.sc
w.sc
whiteCircle.case
whiteDiamond.case
whiteSmallSquare.case
x.sc
y.sc
y.swsh
yacute.sc
yacute.swsh
ydieresis.sc
ydieresis.swsh
ydieresis.titl.sc
yen.tf
z.sc
zacute.sc
zcaron.sc
zdotaccent.sc
zero.dnom
zero.numr
zero.osf
zero.osf.zero
zero.sc
zero.tf
zero.tf.zero
zero.tosf
zero.tosf.zero
zero.zero
2016-07-27 16:54:53,069 MutatorMath Writing WorkSans-ExtraLight.ufo to master_ufo/../instance_ufo/WorkSans-ExtraLight.ufo
2016-07-27 16:54:56,839 MutatorMath ../instance_ufo/WorkSans-ExtraLight.ufo:
Errors calculating 2 glyphs: 
curvedStemParagraphSignOrnament
paragraph
2016-07-27 16:54:56,839 MutatorMath ../instance_ufo/WorkSans-ExtraLight.ufo:
Missing unicodes for 412 glyphs: 
.notdef
A.swsh
Aacute.swsh
Abreve.swsh
Acircumflex.swsh
Adieresis.swsh
Adieresis.titl
Adieresis.titl.001
Agrave.swsh
Amacron.swsh
Aogonek.swsh
Aogonek_j
Aogonek_y
Atilde.swsh
E.swsh
E.swsh.001
Eacute.swsh
Eacute.swsh.001
Ecaron.swsh
Ecaron.swsh.001
Ecircumflex.swsh
Ecircumflex.swsh.001
Edieresis.swsh
Edieresis.swsh.001
Edotaccent.swsh
Edotaccent.swsh.001
Egrave.swsh
Egrave.swsh.001
Emacron.swsh
Emacron.swsh.001
Eogonek.swsh
Euro.tf
F.swsh
G.ss04
Gbreve.ss04
Hinferior
Hsuperior
IJ.ss05
Iacute_J.loclNLD
Iacute_J.loclNLD.ss05
L.swsh
Lacute.swsh
Lcaron.swsh
Lslash.swsh
M.swsh
M.swsh.001
N.swsh
Nacute.swsh
Ncaron.swsh
Ntilde.swsh
Odieresis.titl
Odieresis.titl.001
Oinferior
Osuperior
R.ss03
R.swsh
R.swsh.001
Racute.ss03
Racute.swsh
Racute.swsh.001
Rcaron.ss03
Rcaron.swsh
Rcaron.swsh.001
S.swsh
Sacute.swsh
Scaron.swsh
T.swsh
Tcaron.swsh
Udieresis.titl
W.swsh
Ydieresis.titl
__swash_topleft
a.sc
aacute.sc
abreve.sc
acircumflex.sc
acutecmb.asc
acutecmb.cap
adieresis.sc
adieresis.titl.sc
ae.sc
agrave.sc
amacron.sc
ampersand.sc
aogonek.sc
aogonek_j
aring.sc
at.case
atilde.sc
b.sc
bar.case
blackCircle.case
blackDiamond.case
blackSmallSquare.case
bowl
braceleft.case
braceright.case
bracketleft.case
bracketleftinferior
bracketleftsuperior
bracketright.case
bracketrightinferior
bracketrightsuperior
c.sc
c_t
cacute.sc
caron.alt
caroncmb.asc
caroncmb.cap
ccaron.sc
ccedilla.sc
cent.001
cent.tf
circumflexcmb.asc
circumflexcmb.cap
colon.tf
coloninferior
colonsuperior
comma.tf
commainferior
commasuperior
currency.tf
d.sc
daggerdblsuperior
daggersuperior
dcaron.sc
dcroat.sc
dollar.001
dollar.tf
e.sc
eacute.sc
ecaron.sc
ecircumflex.sc
edieresis.sc
edotaccent.sc
egrave.sc
eight.dnom
eight.numr
eight.osf
eight.sc
eight.tf
eight.tosf
emacron.sc
emdash.case
emdashinferior
emdashsuperior
endash.case
endashinferior
endashsuperior
eogonek.sc
eth.sc
euro.part
euro.part.tf
exclam.sc
exclamdown.case
exclamdown.sc
f.sc
f_idieresis
f_t.liga
five.dnom
five.numr
five.osf
five.sc
five.tf
five.tosf
fl.ss02
florin.tf
four.dnom
four.numr
four.osf
four.sc
four.tf
four.tosf
g.sc
g.sc.ss04
g.ss01
g.ss01_j.liga
g_idieresis
g_j.liga
gbase
gbreve.sc
gbreve.sc.ss04
gbreve.ss01
germandbls.calt
germandbls.sc
gravecmb.asc
gravecmb.cap
guillemotleft.case
guillemotright.case
guilsinglleft.case
guilsinglright.case
h.sc
hungarumlautcmb.asc
hungarumlautcmb.cap
hyphen.case
hypheninferior
hyphensuperior
i.sc
iacute.sc
iacute_j.loclNLD
iacute_j.loclNLD.sc
iacute_j.loclNLD.sc.ss05
icircumflex.sc
idieresis.sc
idotaccent
idotaccent.sc
igrave.sc
ij.sc
ij.sc.ss05
imacron.sc
indexring
iogonek.sc
iogonek_j
j.ogonek
j.sc
j_j.liga
jdotless.ogonek
k.sc
l.sc
l.ss02
lacute.sc
lacute.ss02
lcaron.sc
lcaron.ss02
ldot.sc
ldot.ss02
longs.component
longs_i
longs_l
longs_l.ss02
longs_s
lslash.sc
lslash.ss02
m.sc
n.sc
n.swsh
nacute.sc
nacute.swsh
ncaron.sc
ncaron.swsh
nine.dnom
nine.numr
nine.osf
nine.sc
nine.tf
nine.tosf
ntilde.sc
ntilde.swsh
numbersign.tf
o.sc
oacute.sc
ocircumflex.sc
odieresis.sc
odieresis.titl.sc
oe.sc
ogonek.A
ogonek.E
ogonek.I
ogonek.e
ograve.sc
ohungarumlaut.sc
omacron.sc
one.dnom
one.numr
one.osf
one.sc
one.tf
one.tosf
oslash.sc
otilde.sc
p.sc
parenleft.case
parenright.case
period.tf
periodcentered.case
periodcentered.loclCAT
periodcentered.loclCAT.case
periodcentered.loclCAT.sc
periodcentered.loclCAT.ss02
periodcentered.sc
periodinferior
periodsuperior
q.sc
question.sc
questiondown.case
questiondown.sc
quotedbl.sc
quotedblleft.sc
quotedblright.sc
quoteleft.sc
quoteright.sc
quotesingle.sc
r.sc
r.sc.ss03
r.swsh
racute.sc
racute.sc.ss03
racute.swsh
rcaron.sc
rcaron.sc.ss03
rcaron.swsh
registeredsuperior
s.sc
s_t
sacute.sc
scaron.sc
semicolon.tf
seven.dnom
seven.numr
seven.osf
seven.sc
seven.tf
seven.tosf
six.dnom
six.numr
six.osf
six.sc
six.tf
six.tosf
space.tf
spacesuperior
sterling.part
sterling.part.tf
sterling.tf
swash_bttmleft
t.sc
t.swsh
t_t.liga
tcaron.sc
tcaron.swsh
thorn.sc
three.dnom
three.numr
three.osf
three.sc
three.tf
three.tosf
two.dnom
two.numr
two.osf
two.sc
two.tf
two.tosf
u.sc
uacute.sc
ucircumflex.sc
udieresis.sc
udieresis.titl.sc
ugrave.sc
uhungarumlaut.sc
umacron.sc
uni0122.sc
uni0122.sc.ss04
uni0122.ss04
uni0123.ss01
uni0136.sc
uni013B.sc
uni013B.swsh
uni013C.ss02
uni0145.sc
uni0145.swsh
uni0146.swsh
uni0156.sc
uni0156.sc.ss03
uni0156.ss03
uni0156.swsh
uni0156.swsh.001
uni0157.swsh
uni015E.sc
uni015E.swsh
uni0162.sc
uni0162.swsh
uni0163.swsh
uni0218.sc
uni0218.swsh
uni021A.sc
uni021A.swsh
uni021B.swsh
uni20BA.tf
uni20BD.tf
uniF8FF.001
uogonek.sc
uogonek_j
uring.sc
v.sc
w.sc
whiteCircle.case
whiteDiamond.case
whiteSmallSquare.case
x.sc
y.sc
y.swsh
yacute.sc
yacute.swsh
ydieresis.sc
ydieresis.swsh
ydieresis.titl.sc
yen.tf
z.sc
zacute.sc
zcaron.sc
zdotaccent.sc
zero.dnom
zero.numr
zero.osf
zero.osf.zero
zero.sc
zero.tf
zero.tf.zero
zero.tosf
zero.tosf.zero
zero.zero
2016-07-27 16:54:57,040 MutatorMath Writing WorkSans-Light.ufo to master_ufo/../instance_ufo/WorkSans-Light.ufo
2016-07-27 16:55:01,372 MutatorMath ../instance_ufo/WorkSans-Light.ufo:
Errors calculating 2 glyphs: 
curvedStemParagraphSignOrnament
paragraph
2016-07-27 16:55:01,373 MutatorMath ../instance_ufo/WorkSans-Light.ufo:
Missing unicodes for 412 glyphs: 
.notdef
A.swsh
Aacute.swsh
Abreve.swsh
Acircumflex.swsh
Adieresis.swsh
Adieresis.titl
Adieresis.titl.001
Agrave.swsh
Amacron.swsh
Aogonek.swsh
Aogonek_j
Aogonek_y
Atilde.swsh
E.swsh
E.swsh.001
Eacute.swsh
Eacute.swsh.001
Ecaron.swsh
Ecaron.swsh.001
Ecircumflex.swsh
Ecircumflex.swsh.001
Edieresis.swsh
Edieresis.swsh.001
Edotaccent.swsh
Edotaccent.swsh.001
Egrave.swsh
Egrave.swsh.001
Emacron.swsh
Emacron.swsh.001
Eogonek.swsh
Euro.tf
F.swsh
G.ss04
Gbreve.ss04
Hinferior
Hsuperior
IJ.ss05
Iacute_J.loclNLD
Iacute_J.loclNLD.ss05
L.swsh
Lacute.swsh
Lcaron.swsh
Lslash.swsh
M.swsh
M.swsh.001
N.swsh
Nacute.swsh
Ncaron.swsh
Ntilde.swsh
Odieresis.titl
Odieresis.titl.001
Oinferior
Osuperior
R.ss03
R.swsh
R.swsh.001
Racute.ss03
Racute.swsh
Racute.swsh.001
Rcaron.ss03
Rcaron.swsh
Rcaron.swsh.001
S.swsh
Sacute.swsh
Scaron.swsh
T.swsh
Tcaron.swsh
Udieresis.titl
W.swsh
Ydieresis.titl
__swash_topleft
a.sc
aacute.sc
abreve.sc
acircumflex.sc
acutecmb.asc
acutecmb.cap
adieresis.sc
adieresis.titl.sc
ae.sc
agrave.sc
amacron.sc
ampersand.sc
aogonek.sc
aogonek_j
aring.sc
at.case
atilde.sc
b.sc
bar.case
blackCircle.case
blackDiamond.case
blackSmallSquare.case
bowl
braceleft.case
braceright.case
bracketleft.case
bracketleftinferior
bracketleftsuperior
bracketright.case
bracketrightinferior
bracketrightsuperior
c.sc
c_t
cacute.sc
caron.alt
caroncmb.asc
caroncmb.cap
ccaron.sc
ccedilla.sc
cent.001
cent.tf
circumflexcmb.asc
circumflexcmb.cap
colon.tf
coloninferior
colonsuperior
comma.tf
commainferior
commasuperior
currency.tf
d.sc
daggerdblsuperior
daggersuperior
dcaron.sc
dcroat.sc
dollar.001
dollar.tf
e.sc
eacute.sc
ecaron.sc
ecircumflex.sc
edieresis.sc
edotaccent.sc
egrave.sc
eight.dnom
eight.numr
eight.osf
eight.sc
eight.tf
eight.tosf
emacron.sc
emdash.case
emdashinferior
emdashsuperior
endash.case
endashinferior
endashsuperior
eogonek.sc
eth.sc
euro.part
euro.part.tf
exclam.sc
exclamdown.case
exclamdown.sc
f.sc
f_idieresis
f_t.liga
five.dnom
five.numr
five.osf
five.sc
five.tf
five.tosf
fl.ss02
florin.tf
four.dnom
four.numr
four.osf
four.sc
four.tf
four.tosf
g.sc
g.sc.ss04
g.ss01
g.ss01_j.liga
g_idieresis
g_j.liga
gbase
gbreve.sc
gbreve.sc.ss04
gbreve.ss01
germandbls.calt
germandbls.sc
gravecmb.asc
gravecmb.cap
guillemotleft.case
guillemotright.case
guilsinglleft.case
guilsinglright.case
h.sc
hungarumlautcmb.asc
hungarumlautcmb.cap
hyphen.case
hypheninferior
hyphensuperior
i.sc
iacute.sc
iacute_j.loclNLD
iacute_j.loclNLD.sc
iacute_j.loclNLD.sc.ss05
icircumflex.sc
idieresis.sc
idotaccent
idotaccent.sc
igrave.sc
ij.sc
ij.sc.ss05
imacron.sc
indexring
iogonek.sc
iogonek_j
j.ogonek
j.sc
j_j.liga
jdotless.ogonek
k.sc
l.sc
l.ss02
lacute.sc
lacute.ss02
lcaron.sc
lcaron.ss02
ldot.sc
ldot.ss02
longs.component
longs_i
longs_l
longs_l.ss02
longs_s
lslash.sc
lslash.ss02
m.sc
n.sc
n.swsh
nacute.sc
nacute.swsh
ncaron.sc
ncaron.swsh
nine.dnom
nine.numr
nine.osf
nine.sc
nine.tf
nine.tosf
ntilde.sc
ntilde.swsh
numbersign.tf
o.sc
oacute.sc
ocircumflex.sc
odieresis.sc
odieresis.titl.sc
oe.sc
ogonek.A
ogonek.E
ogonek.I
ogonek.e
ograve.sc
ohungarumlaut.sc
omacron.sc
one.dnom
one.numr
one.osf
one.sc
one.tf
one.tosf
oslash.sc
otilde.sc
p.sc
parenleft.case
parenright.case
period.tf
periodcentered.case
periodcentered.loclCAT
periodcentered.loclCAT.case
periodcentered.loclCAT.sc
periodcentered.loclCAT.ss02
periodcentered.sc
periodinferior
periodsuperior
q.sc
question.sc
questiondown.case
questiondown.sc
quotedbl.sc
quotedblleft.sc
quotedblright.sc
quoteleft.sc
quoteright.sc
quotesingle.sc
r.sc
r.sc.ss03
r.swsh
racute.sc
racute.sc.ss03
racute.swsh
rcaron.sc
rcaron.sc.ss03
rcaron.swsh
registeredsuperior
s.sc
s_t
sacute.sc
scaron.sc
semicolon.tf
seven.dnom
seven.numr
seven.osf
seven.sc
seven.tf
seven.tosf
six.dnom
six.numr
six.osf
six.sc
six.tf
six.tosf
space.tf
spacesuperior
sterling.part
sterling.part.tf
sterling.tf
swash_bttmleft
t.sc
t.swsh
t_t.liga
tcaron.sc
tcaron.swsh
thorn.sc
three.dnom
three.numr
three.osf
three.sc
three.tf
three.tosf
two.dnom
two.numr
two.osf
two.sc
two.tf
two.tosf
u.sc
uacute.sc
ucircumflex.sc
udieresis.sc
udieresis.titl.sc
ugrave.sc
uhungarumlaut.sc
umacron.sc
uni0122.sc
uni0122.sc.ss04
uni0122.ss04
uni0123.ss01
uni0136.sc
uni013B.sc
uni013B.swsh
uni013C.ss02
uni0145.sc
uni0145.swsh
uni0146.swsh
uni0156.sc
uni0156.sc.ss03
uni0156.ss03
uni0156.swsh
uni0156.swsh.001
uni0157.swsh
uni015E.sc
uni015E.swsh
uni0162.sc
uni0162.swsh
uni0163.swsh
uni0218.sc
uni0218.swsh
uni021A.sc
uni021A.swsh
uni021B.swsh
uni20BA.tf
uni20BD.tf
uniF8FF.001
uogonek.sc
uogonek_j
uring.sc
v.sc
w.sc
whiteCircle.case
whiteDiamond.case
whiteSmallSquare.case
x.sc
y.sc
y.swsh
yacute.sc
yacute.swsh
ydieresis.sc
ydieresis.swsh
ydieresis.titl.sc
yen.tf
z.sc
zacute.sc
zcaron.sc
zdotaccent.sc
zero.dnom
zero.numr
zero.osf
zero.osf.zero
zero.sc
zero.tf
zero.tf.zero
zero.tosf
zero.tosf.zero
zero.zero
2016-07-27 16:55:01,596 MutatorMath Writing WorkSans-Regular.ufo to master_ufo/../instance_ufo/WorkSans-Regular.ufo
2016-07-27 16:55:07,177 MutatorMath ../instance_ufo/WorkSans-Regular.ufo:
Errors calculating 2 glyphs: 
curvedStemParagraphSignOrnament
paragraph
2016-07-27 16:55:07,179 MutatorMath ../instance_ufo/WorkSans-Regular.ufo:
Missing unicodes for 412 glyphs: 
.notdef
A.swsh
Aacute.swsh
Abreve.swsh
Acircumflex.swsh
Adieresis.swsh
Adieresis.titl
Adieresis.titl.001
Agrave.swsh
Amacron.swsh
Aogonek.swsh
Aogonek_j
Aogonek_y
Atilde.swsh
E.swsh
E.swsh.001
Eacute.swsh
Eacute.swsh.001
Ecaron.swsh
Ecaron.swsh.001
Ecircumflex.swsh
Ecircumflex.swsh.001
Edieresis.swsh
Edieresis.swsh.001
Edotaccent.swsh
Edotaccent.swsh.001
Egrave.swsh
Egrave.swsh.001
Emacron.swsh
Emacron.swsh.001
Eogonek.swsh
Euro.tf
F.swsh
G.ss04
Gbreve.ss04
Hinferior
Hsuperior
IJ.ss05
Iacute_J.loclNLD
Iacute_J.loclNLD.ss05
L.swsh
Lacute.swsh
Lcaron.swsh
Lslash.swsh
M.swsh
M.swsh.001
N.swsh
Nacute.swsh
Ncaron.swsh
Ntilde.swsh
Odieresis.titl
Odieresis.titl.001
Oinferior
Osuperior
R.ss03
R.swsh
R.swsh.001
Racute.ss03
Racute.swsh
Racute.swsh.001
Rcaron.ss03
Rcaron.swsh
Rcaron.swsh.001
S.swsh
Sacute.swsh
Scaron.swsh
T.swsh
Tcaron.swsh
Udieresis.titl
W.swsh
Ydieresis.titl
__swash_topleft
a.sc
aacute.sc
abreve.sc
acircumflex.sc
acutecmb.asc
acutecmb.cap
adieresis.sc
adieresis.titl.sc
ae.sc
agrave.sc
amacron.sc
ampersand.sc
aogonek.sc
aogonek_j
aring.sc
at.case
atilde.sc
b.sc
bar.case
blackCircle.case
blackDiamond.case
blackSmallSquare.case
bowl
braceleft.case
braceright.case
bracketleft.case
bracketleftinferior
bracketleftsuperior
bracketright.case
bracketrightinferior
bracketrightsuperior
c.sc
c_t
cacute.sc
caron.alt
caroncmb.asc
caroncmb.cap
ccaron.sc
ccedilla.sc
cent.001
cent.tf
circumflexcmb.asc
circumflexcmb.cap
colon.tf
coloninferior
colonsuperior
comma.tf
commainferior
commasuperior
currency.tf
d.sc
daggerdblsuperior
daggersuperior
dcaron.sc
dcroat.sc
dollar.001
dollar.tf
e.sc
eacute.sc
ecaron.sc
ecircumflex.sc
edieresis.sc
edotaccent.sc
egrave.sc
eight.dnom
eight.numr
eight.osf
eight.sc
eight.tf
eight.tosf
emacron.sc
emdash.case
emdashinferior
emdashsuperior
endash.case
endashinferior
endashsuperior
eogonek.sc
eth.sc
euro.part
euro.part.tf
exclam.sc
exclamdown.case
exclamdown.sc
f.sc
f_idieresis
f_t.liga
five.dnom
five.numr
five.osf
five.sc
five.tf
five.tosf
fl.ss02
florin.tf
four.dnom
four.numr
four.osf
four.sc
four.tf
four.tosf
g.sc
g.sc.ss04
g.ss01
g.ss01_j.liga
g_idieresis
g_j.liga
gbase
gbreve.sc
gbreve.sc.ss04
gbreve.ss01
germandbls.calt
germandbls.sc
gravecmb.asc
gravecmb.cap
guillemotleft.case
guillemotright.case
guilsinglleft.case
guilsinglright.case
h.sc
hungarumlautcmb.asc
hungarumlautcmb.cap
hyphen.case
hypheninferior
hyphensuperior
i.sc
iacute.sc
iacute_j.loclNLD
iacute_j.loclNLD.sc
iacute_j.loclNLD.sc.ss05
icircumflex.sc
idieresis.sc
idotaccent
idotaccent.sc
igrave.sc
ij.sc
ij.sc.ss05
imacron.sc
indexring
iogonek.sc
iogonek_j
j.ogonek
j.sc
j_j.liga
jdotless.ogonek
k.sc
l.sc
l.ss02
lacute.sc
lacute.ss02
lcaron.sc
lcaron.ss02
ldot.sc
ldot.ss02
longs.component
longs_i
longs_l
longs_l.ss02
longs_s
lslash.sc
lslash.ss02
m.sc
n.sc
n.swsh
nacute.sc
nacute.swsh
ncaron.sc
ncaron.swsh
nine.dnom
nine.numr
nine.osf
nine.sc
nine.tf
nine.tosf
ntilde.sc
ntilde.swsh
numbersign.tf
o.sc
oacute.sc
ocircumflex.sc
odieresis.sc
odieresis.titl.sc
oe.sc
ogonek.A
ogonek.E
ogonek.I
ogonek.e
ograve.sc
ohungarumlaut.sc
omacron.sc
one.dnom
one.numr
one.osf
one.sc
one.tf
one.tosf
oslash.sc
otilde.sc
p.sc
parenleft.case
parenright.case
period.tf
periodcentered.case
periodcentered.loclCAT
periodcentered.loclCAT.case
periodcentered.loclCAT.sc
periodcentered.loclCAT.ss02
periodcentered.sc
periodinferior
periodsuperior
q.sc
question.sc
questiondown.case
questiondown.sc
quotedbl.sc
quotedblleft.sc
quotedblright.sc
quoteleft.sc
quoteright.sc
quotesingle.sc
r.sc
r.sc.ss03
r.swsh
racute.sc
racute.sc.ss03
racute.swsh
rcaron.sc
rcaron.sc.ss03
rcaron.swsh
registeredsuperior
s.sc
s_t
sacute.sc
scaron.sc
semicolon.tf
seven.dnom
seven.numr
seven.osf
seven.sc
seven.tf
seven.tosf
six.dnom
six.numr
six.osf
six.sc
six.tf
six.tosf
space.tf
spacesuperior
sterling.part
sterling.part.tf
sterling.tf
swash_bttmleft
t.sc
t.swsh
t_t.liga
tcaron.sc
tcaron.swsh
thorn.sc
three.dnom
three.numr
three.osf
three.sc
three.tf
three.tosf
two.dnom
two.numr
two.osf
two.sc
two.tf
two.tosf
u.sc
uacute.sc
ucircumflex.sc
udieresis.sc
udieresis.titl.sc
ugrave.sc
uhungarumlaut.sc
umacron.sc
uni0122.sc
uni0122.sc.ss04
uni0122.ss04
uni0123.ss01
uni0136.sc
uni013B.sc
uni013B.swsh
uni013C.ss02
uni0145.sc
uni0145.swsh
uni0146.swsh
uni0156.sc
uni0156.sc.ss03
uni0156.ss03
uni0156.swsh
uni0156.swsh.001
uni0157.swsh
uni015E.sc
uni015E.swsh
uni0162.sc
uni0162.swsh
uni0163.swsh
uni0218.sc
uni0218.swsh
uni021A.sc
uni021A.swsh
uni021B.swsh
uni20BA.tf
uni20BD.tf
uniF8FF.001
uogonek.sc
uogonek_j
uring.sc
v.sc
w.sc
whiteCircle.case
whiteDiamond.case
whiteSmallSquare.case
x.sc
y.sc
y.swsh
yacute.sc
yacute.swsh
ydieresis.sc
ydieresis.swsh
ydieresis.titl.sc
yen.tf
z.sc
zacute.sc
zcaron.sc
zdotaccent.sc
zero.dnom
zero.numr
zero.osf
zero.osf.zero
zero.sc
zero.tf
zero.tf.zero
zero.tosf
zero.tosf.zero
zero.zero
2016-07-27 16:55:07,479 MutatorMath Writing WorkSans-Medium.ufo to master_ufo/../instance_ufo/WorkSans-Medium.ufo
2016-07-27 16:55:11,422 MutatorMath ../instance_ufo/WorkSans-Medium.ufo:
Errors calculating 2 glyphs: 
curvedStemParagraphSignOrnament
paragraph
2016-07-27 16:55:11,422 MutatorMath ../instance_ufo/WorkSans-Medium.ufo:
Missing unicodes for 412 glyphs: 
.notdef
A.swsh
Aacute.swsh
Abreve.swsh
Acircumflex.swsh
Adieresis.swsh
Adieresis.titl
Adieresis.titl.001
Agrave.swsh
Amacron.swsh
Aogonek.swsh
Aogonek_j
Aogonek_y
Atilde.swsh
E.swsh
E.swsh.001
Eacute.swsh
Eacute.swsh.001
Ecaron.swsh
Ecaron.swsh.001
Ecircumflex.swsh
Ecircumflex.swsh.001
Edieresis.swsh
Edieresis.swsh.001
Edotaccent.swsh
Edotaccent.swsh.001
Egrave.swsh
Egrave.swsh.001
Emacron.swsh
Emacron.swsh.001
Eogonek.swsh
Euro.tf
F.swsh
G.ss04
Gbreve.ss04
Hinferior
Hsuperior
IJ.ss05
Iacute_J.loclNLD
Iacute_J.loclNLD.ss05
L.swsh
Lacute.swsh
Lcaron.swsh
Lslash.swsh
M.swsh
M.swsh.001
N.swsh
Nacute.swsh
Ncaron.swsh
Ntilde.swsh
Odieresis.titl
Odieresis.titl.001
Oinferior
Osuperior
R.ss03
R.swsh
R.swsh.001
Racute.ss03
Racute.swsh
Racute.swsh.001
Rcaron.ss03
Rcaron.swsh
Rcaron.swsh.001
S.swsh
Sacute.swsh
Scaron.swsh
T.swsh
Tcaron.swsh
Udieresis.titl
W.swsh
Ydieresis.titl
__swash_topleft
a.sc
aacute.sc
abreve.sc
acircumflex.sc
acutecmb.asc
acutecmb.cap
adieresis.sc
adieresis.titl.sc
ae.sc
agrave.sc
amacron.sc
ampersand.sc
aogonek.sc
aogonek_j
aring.sc
at.case
atilde.sc
b.sc
bar.case
blackCircle.case
blackDiamond.case
blackSmallSquare.case
bowl
braceleft.case
braceright.case
bracketleft.case
bracketleftinferior
bracketleftsuperior
bracketright.case
bracketrightinferior
bracketrightsuperior
c.sc
c_t
cacute.sc
caron.alt
caroncmb.asc
caroncmb.cap
ccaron.sc
ccedilla.sc
cent.001
cent.tf
circumflexcmb.asc
circumflexcmb.cap
colon.tf
coloninferior
colonsuperior
comma.tf
commainferior
commasuperior
currency.tf
d.sc
daggerdblsuperior
daggersuperior
dcaron.sc
dcroat.sc
dollar.001
dollar.tf
e.sc
eacute.sc
ecaron.sc
ecircumflex.sc
edieresis.sc
edotaccent.sc
egrave.sc
eight.dnom
eight.numr
eight.osf
eight.sc
eight.tf
eight.tosf
emacron.sc
emdash.case
emdashinferior
emdashsuperior
endash.case
endashinferior
endashsuperior
eogonek.sc
eth.sc
euro.part
euro.part.tf
exclam.sc
exclamdown.case
exclamdown.sc
f.sc
f_idieresis
f_t.liga
five.dnom
five.numr
five.osf
five.sc
five.tf
five.tosf
fl.ss02
florin.tf
four.dnom
four.numr
four.osf
four.sc
four.tf
four.tosf
g.sc
g.sc.ss04
g.ss01
g.ss01_j.liga
g_idieresis
g_j.liga
gbase
gbreve.sc
gbreve.sc.ss04
gbreve.ss01
germandbls.calt
germandbls.sc
gravecmb.asc
gravecmb.cap
guillemotleft.case
guillemotright.case
guilsinglleft.case
guilsinglright.case
h.sc
hungarumlautcmb.asc
hungarumlautcmb.cap
hyphen.case
hypheninferior
hyphensuperior
i.sc
iacute.sc
iacute_j.loclNLD
iacute_j.loclNLD.sc
iacute_j.loclNLD.sc.ss05
icircumflex.sc
idieresis.sc
idotaccent
idotaccent.sc
igrave.sc
ij.sc
ij.sc.ss05
imacron.sc
indexring
iogonek.sc
iogonek_j
j.ogonek
j.sc
j_j.liga
jdotless.ogonek
k.sc
l.sc
l.ss02
lacute.sc
lacute.ss02
lcaron.sc
lcaron.ss02
ldot.sc
ldot.ss02
longs.component
longs_i
longs_l
longs_l.ss02
longs_s
lslash.sc
lslash.ss02
m.sc
n.sc
n.swsh
nacute.sc
nacute.swsh
ncaron.sc
ncaron.swsh
nine.dnom
nine.numr
nine.osf
nine.sc
nine.tf
nine.tosf
ntilde.sc
ntilde.swsh
numbersign.tf
o.sc
oacute.sc
ocircumflex.sc
odieresis.sc
odieresis.titl.sc
oe.sc
ogonek.A
ogonek.E
ogonek.I
ogonek.e
ograve.sc
ohungarumlaut.sc
omacron.sc
one.dnom
one.numr
one.osf
one.sc
one.tf
one.tosf
oslash.sc
otilde.sc
p.sc
parenleft.case
parenright.case
period.tf
periodcentered.case
periodcentered.loclCAT
periodcentered.loclCAT.case
periodcentered.loclCAT.sc
periodcentered.loclCAT.ss02
periodcentered.sc
periodinferior
periodsuperior
q.sc
question.sc
questiondown.case
questiondown.sc
quotedbl.sc
quotedblleft.sc
quotedblright.sc
quoteleft.sc
quoteright.sc
quotesingle.sc
r.sc
r.sc.ss03
r.swsh
racute.sc
racute.sc.ss03
racute.swsh
rcaron.sc
rcaron.sc.ss03
rcaron.swsh
registeredsuperior
s.sc
s_t
sacute.sc
scaron.sc
semicolon.tf
seven.dnom
seven.numr
seven.osf
seven.sc
seven.tf
seven.tosf
six.dnom
six.numr
six.osf
six.sc
six.tf
six.tosf
space.tf
spacesuperior
sterling.part
sterling.part.tf
sterling.tf
swash_bttmleft
t.sc
t.swsh
t_t.liga
tcaron.sc
tcaron.swsh
thorn.sc
three.dnom
three.numr
three.osf
three.sc
three.tf
three.tosf
two.dnom
two.numr
two.osf
two.sc
two.tf
two.tosf
u.sc
uacute.sc
ucircumflex.sc
udieresis.sc
udieresis.titl.sc
ugrave.sc
uhungarumlaut.sc
umacron.sc
uni0122.sc
uni0122.sc.ss04
uni0122.ss04
uni0123.ss01
uni0136.sc
uni013B.sc
uni013B.swsh
uni013C.ss02
uni0145.sc
uni0145.swsh
uni0146.swsh
uni0156.sc
uni0156.sc.ss03
uni0156.ss03
uni0156.swsh
uni0156.swsh.001
uni0157.swsh
uni015E.sc
uni015E.swsh
uni0162.sc
uni0162.swsh
uni0163.swsh
uni0218.sc
uni0218.swsh
uni021A.sc
uni021A.swsh
uni021B.swsh
uni20BA.tf
uni20BD.tf
uniF8FF.001
uogonek.sc
uogonek_j
uring.sc
v.sc
w.sc
whiteCircle.case
whiteDiamond.case
whiteSmallSquare.case
x.sc
y.sc
y.swsh
yacute.sc
yacute.swsh
ydieresis.sc
ydieresis.swsh
ydieresis.titl.sc
yen.tf
z.sc
zacute.sc
zcaron.sc
zdotaccent.sc
zero.dnom
zero.numr
zero.osf
zero.osf.zero
zero.sc
zero.tf
zero.tf.zero
zero.tosf
zero.tosf.zero
zero.zero
2016-07-27 16:55:11,620 MutatorMath Writing WorkSans-SemiBold.ufo to master_ufo/../instance_ufo/WorkSans-SemiBold.ufo
2016-07-27 16:55:16,451 MutatorMath ../instance_ufo/WorkSans-SemiBold.ufo:
Errors calculating 2 glyphs: 
curvedStemParagraphSignOrnament
paragraph
2016-07-27 16:55:16,451 MutatorMath ../instance_ufo/WorkSans-SemiBold.ufo:
Missing unicodes for 412 glyphs: 
.notdef
A.swsh
Aacute.swsh
Abreve.swsh
Acircumflex.swsh
Adieresis.swsh
Adieresis.titl
Adieresis.titl.001
Agrave.swsh
Amacron.swsh
Aogonek.swsh
Aogonek_j
Aogonek_y
Atilde.swsh
E.swsh
E.swsh.001
Eacute.swsh
Eacute.swsh.001
Ecaron.swsh
Ecaron.swsh.001
Ecircumflex.swsh
Ecircumflex.swsh.001
Edieresis.swsh
Edieresis.swsh.001
Edotaccent.swsh
Edotaccent.swsh.001
Egrave.swsh
Egrave.swsh.001
Emacron.swsh
Emacron.swsh.001
Eogonek.swsh
Euro.tf
F.swsh
G.ss04
Gbreve.ss04
Hinferior
Hsuperior
IJ.ss05
Iacute_J.loclNLD
Iacute_J.loclNLD.ss05
L.swsh
Lacute.swsh
Lcaron.swsh
Lslash.swsh
M.swsh
M.swsh.001
N.swsh
Nacute.swsh
Ncaron.swsh
Ntilde.swsh
Odieresis.titl
Odieresis.titl.001
Oinferior
Osuperior
R.ss03
R.swsh
R.swsh.001
Racute.ss03
Racute.swsh
Racute.swsh.001
Rcaron.ss03
Rcaron.swsh
Rcaron.swsh.001
S.swsh
Sacute.swsh
Scaron.swsh
T.swsh
Tcaron.swsh
Udieresis.titl
W.swsh
Ydieresis.titl
__swash_topleft
a.sc
aacute.sc
abreve.sc
acircumflex.sc
acutecmb.asc
acutecmb.cap
adieresis.sc
adieresis.titl.sc
ae.sc
agrave.sc
amacron.sc
ampersand.sc
aogonek.sc
aogonek_j
aring.sc
at.case
atilde.sc
b.sc
bar.case
blackCircle.case
blackDiamond.case
blackSmallSquare.case
bowl
braceleft.case
braceright.case
bracketleft.case
bracketleftinferior
bracketleftsuperior
bracketright.case
bracketrightinferior
bracketrightsuperior
c.sc
c_t
cacute.sc
caron.alt
caroncmb.asc
caroncmb.cap
ccaron.sc
ccedilla.sc
cent.001
cent.tf
circumflexcmb.asc
circumflexcmb.cap
colon.tf
coloninferior
colonsuperior
comma.tf
commainferior
commasuperior
currency.tf
d.sc
daggerdblsuperior
daggersuperior
dcaron.sc
dcroat.sc
dollar.001
dollar.tf
e.sc
eacute.sc
ecaron.sc
ecircumflex.sc
edieresis.sc
edotaccent.sc
egrave.sc
eight.dnom
eight.numr
eight.osf
eight.sc
eight.tf
eight.tosf
emacron.sc
emdash.case
emdashinferior
emdashsuperior
endash.case
endashinferior
endashsuperior
eogonek.sc
eth.sc
euro.part
euro.part.tf
exclam.sc
exclamdown.case
exclamdown.sc
f.sc
f_idieresis
f_t.liga
five.dnom
five.numr
five.osf
five.sc
five.tf
five.tosf
fl.ss02
florin.tf
four.dnom
four.numr
four.osf
four.sc
four.tf
four.tosf
g.sc
g.sc.ss04
g.ss01
g.ss01_j.liga
g_idieresis
g_j.liga
gbase
gbreve.sc
gbreve.sc.ss04
gbreve.ss01
germandbls.calt
germandbls.sc
gravecmb.asc
gravecmb.cap
guillemotleft.case
guillemotright.case
guilsinglleft.case
guilsinglright.case
h.sc
hungarumlautcmb.asc
hungarumlautcmb.cap
hyphen.case
hypheninferior
hyphensuperior
i.sc
iacute.sc
iacute_j.loclNLD
iacute_j.loclNLD.sc
iacute_j.loclNLD.sc.ss05
icircumflex.sc
idieresis.sc
idotaccent
idotaccent.sc
igrave.sc
ij.sc
ij.sc.ss05
imacron.sc
indexring
iogonek.sc
iogonek_j
j.ogonek
j.sc
j_j.liga
jdotless.ogonek
k.sc
l.sc
l.ss02
lacute.sc
lacute.ss02
lcaron.sc
lcaron.ss02
ldot.sc
ldot.ss02
longs.component
longs_i
longs_l
longs_l.ss02
longs_s
lslash.sc
lslash.ss02
m.sc
n.sc
n.swsh
nacute.sc
nacute.swsh
ncaron.sc
ncaron.swsh
nine.dnom
nine.numr
nine.osf
nine.sc
nine.tf
nine.tosf
ntilde.sc
ntilde.swsh
numbersign.tf
o.sc
oacute.sc
ocircumflex.sc
odieresis.sc
odieresis.titl.sc
oe.sc
ogonek.A
ogonek.E
ogonek.I
ogonek.e
ograve.sc
ohungarumlaut.sc
omacron.sc
one.dnom
one.numr
one.osf
one.sc
one.tf
one.tosf
oslash.sc
otilde.sc
p.sc
parenleft.case
parenright.case
period.tf
periodcentered.case
periodcentered.loclCAT
periodcentered.loclCAT.case
periodcentered.loclCAT.sc
periodcentered.loclCAT.ss02
periodcentered.sc
periodinferior
periodsuperior
q.sc
question.sc
questiondown.case
questiondown.sc
quotedbl.sc
quotedblleft.sc
quotedblright.sc
quoteleft.sc
quoteright.sc
quotesingle.sc
r.sc
r.sc.ss03
r.swsh
racute.sc
racute.sc.ss03
racute.swsh
rcaron.sc
rcaron.sc.ss03
rcaron.swsh
registeredsuperior
s.sc
s_t
sacute.sc
scaron.sc
semicolon.tf
seven.dnom
seven.numr
seven.osf
seven.sc
seven.tf
seven.tosf
six.dnom
six.numr
six.osf
six.sc
six.tf
six.tosf
space.tf
spacesuperior
sterling.part
sterling.part.tf
sterling.tf
swash_bttmleft
t.sc
t.swsh
t_t.liga
tcaron.sc
tcaron.swsh
thorn.sc
three.dnom
three.numr
three.osf
three.sc
three.tf
three.tosf
two.dnom
two.numr
two.osf
two.sc
two.tf
two.tosf
u.sc
uacute.sc
ucircumflex.sc
udieresis.sc
udieresis.titl.sc
ugrave.sc
uhungarumlaut.sc
umacron.sc
uni0122.sc
uni0122.sc.ss04
uni0122.ss04
uni0123.ss01
uni0136.sc
uni013B.sc
uni013B.swsh
uni013C.ss02
uni0145.sc
uni0145.swsh
uni0146.swsh
uni0156.sc
uni0156.sc.ss03
uni0156.ss03
uni0156.swsh
uni0156.swsh.001
uni0157.swsh
uni015E.sc
uni015E.swsh
uni0162.sc
uni0162.swsh
uni0163.swsh
uni0218.sc
uni0218.swsh
uni021A.sc
uni021A.swsh
uni021B.swsh
uni20BA.tf
uni20BD.tf
uniF8FF.001
uogonek.sc
uogonek_j
uring.sc
v.sc
w.sc
whiteCircle.case
whiteDiamond.case
whiteSmallSquare.case
x.sc
y.sc
y.swsh
yacute.sc
yacute.swsh
ydieresis.sc
ydieresis.swsh
ydieresis.titl.sc
yen.tf
z.sc
zacute.sc
zcaron.sc
zdotaccent.sc
zero.dnom
zero.numr
zero.osf
zero.osf.zero
zero.sc
zero.tf
zero.tf.zero
zero.tosf
zero.tosf.zero
zero.zero
2016-07-27 16:55:16,726 MutatorMath Writing WorkSans-Bold.ufo to master_ufo/../instance_ufo/WorkSans-Bold.ufo
2016-07-27 16:55:21,226 MutatorMath ../instance_ufo/WorkSans-Bold.ufo:
Errors calculating 2 glyphs: 
curvedStemParagraphSignOrnament
paragraph
2016-07-27 16:55:21,227 MutatorMath ../instance_ufo/WorkSans-Bold.ufo:
Missing unicodes for 412 glyphs: 
.notdef
A.swsh
Aacute.swsh
Abreve.swsh
Acircumflex.swsh
Adieresis.swsh
Adieresis.titl
Adieresis.titl.001
Agrave.swsh
Amacron.swsh
Aogonek.swsh
Aogonek_j
Aogonek_y
Atilde.swsh
E.swsh
E.swsh.001
Eacute.swsh
Eacute.swsh.001
Ecaron.swsh
Ecaron.swsh.001
Ecircumflex.swsh
Ecircumflex.swsh.001
Edieresis.swsh
Edieresis.swsh.001
Edotaccent.swsh
Edotaccent.swsh.001
Egrave.swsh
Egrave.swsh.001
Emacron.swsh
Emacron.swsh.001
Eogonek.swsh
Euro.tf
F.swsh
G.ss04
Gbreve.ss04
Hinferior
Hsuperior
IJ.ss05
Iacute_J.loclNLD
Iacute_J.loclNLD.ss05
L.swsh
Lacute.swsh
Lcaron.swsh
Lslash.swsh
M.swsh
M.swsh.001
N.swsh
Nacute.swsh
Ncaron.swsh
Ntilde.swsh
Odieresis.titl
Odieresis.titl.001
Oinferior
Osuperior
R.ss03
R.swsh
R.swsh.001
Racute.ss03
Racute.swsh
Racute.swsh.001
Rcaron.ss03
Rcaron.swsh
Rcaron.swsh.001
S.swsh
Sacute.swsh
Scaron.swsh
T.swsh
Tcaron.swsh
Udieresis.titl
W.swsh
Ydieresis.titl
__swash_topleft
a.sc
aacute.sc
abreve.sc
acircumflex.sc
acutecmb.asc
acutecmb.cap
adieresis.sc
adieresis.titl.sc
ae.sc
agrave.sc
amacron.sc
ampersand.sc
aogonek.sc
aogonek_j
aring.sc
at.case
atilde.sc
b.sc
bar.case
blackCircle.case
blackDiamond.case
blackSmallSquare.case
bowl
braceleft.case
braceright.case
bracketleft.case
bracketleftinferior
bracketleftsuperior
bracketright.case
bracketrightinferior
bracketrightsuperior
c.sc
c_t
cacute.sc
caron.alt
caroncmb.asc
caroncmb.cap
ccaron.sc
ccedilla.sc
cent.001
cent.tf
circumflexcmb.asc
circumflexcmb.cap
colon.tf
coloninferior
colonsuperior
comma.tf
commainferior
commasuperior
currency.tf
d.sc
daggerdblsuperior
daggersuperior
dcaron.sc
dcroat.sc
dollar.001
dollar.tf
e.sc
eacute.sc
ecaron.sc
ecircumflex.sc
edieresis.sc
edotaccent.sc
egrave.sc
eight.dnom
eight.numr
eight.osf
eight.sc
eight.tf
eight.tosf
emacron.sc
emdash.case
emdashinferior
emdashsuperior
endash.case
endashinferior
endashsuperior
eogonek.sc
eth.sc
euro.part
euro.part.tf
exclam.sc
exclamdown.case
exclamdown.sc
f.sc
f_idieresis
f_t.liga
five.dnom
five.numr
five.osf
five.sc
five.tf
five.tosf
fl.ss02
florin.tf
four.dnom
four.numr
four.osf
four.sc
four.tf
four.tosf
g.sc
g.sc.ss04
g.ss01
g.ss01_j.liga
g_idieresis
g_j.liga
gbase
gbreve.sc
gbreve.sc.ss04
gbreve.ss01
germandbls.calt
germandbls.sc
gravecmb.asc
gravecmb.cap
guillemotleft.case
guillemotright.case
guilsinglleft.case
guilsinglright.case
h.sc
hungarumlautcmb.asc
hungarumlautcmb.cap
hyphen.case
hypheninferior
hyphensuperior
i.sc
iacute.sc
iacute_j.loclNLD
iacute_j.loclNLD.sc
iacute_j.loclNLD.sc.ss05
icircumflex.sc
idieresis.sc
idotaccent
idotaccent.sc
igrave.sc
ij.sc
ij.sc.ss05
imacron.sc
indexring
iogonek.sc
iogonek_j
j.ogonek
j.sc
j_j.liga
jdotless.ogonek
k.sc
l.sc
l.ss02
lacute.sc
lacute.ss02
lcaron.sc
lcaron.ss02
ldot.sc
ldot.ss02
longs.component
longs_i
longs_l
longs_l.ss02
longs_s
lslash.sc
lslash.ss02
m.sc
n.sc
n.swsh
nacute.sc
nacute.swsh
ncaron.sc
ncaron.swsh
nine.dnom
nine.numr
nine.osf
nine.sc
nine.tf
nine.tosf
ntilde.sc
ntilde.swsh
numbersign.tf
o.sc
oacute.sc
ocircumflex.sc
odieresis.sc
odieresis.titl.sc
oe.sc
ogonek.A
ogonek.E
ogonek.I
ogonek.e
ograve.sc
ohungarumlaut.sc
omacron.sc
one.dnom
one.numr
one.osf
one.sc
one.tf
one.tosf
oslash.sc
otilde.sc
p.sc
parenleft.case
parenright.case
period.tf
periodcentered.case
periodcentered.loclCAT
periodcentered.loclCAT.case
periodcentered.loclCAT.sc
periodcentered.loclCAT.ss02
periodcentered.sc
periodinferior
periodsuperior
q.sc
question.sc
questiondown.case
questiondown.sc
quotedbl.sc
quotedblleft.sc
quotedblright.sc
quoteleft.sc
quoteright.sc
quotesingle.sc
r.sc
r.sc.ss03
r.swsh
racute.sc
racute.sc.ss03
racute.swsh
rcaron.sc
rcaron.sc.ss03
rcaron.swsh
registeredsuperior
s.sc
s_t
sacute.sc
scaron.sc
semicolon.tf
seven.dnom
seven.numr
seven.osf
seven.sc
seven.tf
seven.tosf
six.dnom
six.numr
six.osf
six.sc
six.tf
six.tosf
space.tf
spacesuperior
sterling.part
sterling.part.tf
sterling.tf
swash_bttmleft
t.sc
t.swsh
t_t.liga
tcaron.sc
tcaron.swsh
thorn.sc
three.dnom
three.numr
three.osf
three.sc
three.tf
three.tosf
two.dnom
two.numr
two.osf
two.sc
two.tf
two.tosf
u.sc
uacute.sc
ucircumflex.sc
udieresis.sc
udieresis.titl.sc
ugrave.sc
uhungarumlaut.sc
umacron.sc
uni0122.sc
uni0122.sc.ss04
uni0122.ss04
uni0123.ss01
uni0136.sc
uni013B.sc
uni013B.swsh
uni013C.ss02
uni0145.sc
uni0145.swsh
uni0146.swsh
uni0156.sc
uni0156.sc.ss03
uni0156.ss03
uni0156.swsh
uni0156.swsh.001
uni0157.swsh
uni015E.sc
uni015E.swsh
uni0162.sc
uni0162.swsh
uni0163.swsh
uni0218.sc
uni0218.swsh
uni021A.sc
uni021A.swsh
uni021B.swsh
uni20BA.tf
uni20BD.tf
uniF8FF.001
uogonek.sc
uogonek_j
uring.sc
v.sc
w.sc
whiteCircle.case
whiteDiamond.case
whiteSmallSquare.case
x.sc
y.sc
y.swsh
yacute.sc
yacute.swsh
ydieresis.sc
ydieresis.swsh
ydieresis.titl.sc
yen.tf
z.sc
zacute.sc
zcaron.sc
zdotaccent.sc
zero.dnom
zero.numr
zero.osf
zero.osf.zero
zero.sc
zero.tf
zero.tf.zero
zero.tosf
zero.tosf.zero
zero.zero
2016-07-27 16:55:21,515 MutatorMath Writing WorkSans-ExtraBold.ufo to master_ufo/../instance_ufo/WorkSans-ExtraBold.ufo
2016-07-27 16:55:25,636 MutatorMath ../instance_ufo/WorkSans-ExtraBold.ufo:
Errors calculating 2 glyphs: 
curvedStemParagraphSignOrnament
paragraph
2016-07-27 16:55:25,636 MutatorMath ../instance_ufo/WorkSans-ExtraBold.ufo:
Missing unicodes for 412 glyphs: 
.notdef
A.swsh
Aacute.swsh
Abreve.swsh
Acircumflex.swsh
Adieresis.swsh
Adieresis.titl
Adieresis.titl.001
Agrave.swsh
Amacron.swsh
Aogonek.swsh
Aogonek_j
Aogonek_y
Atilde.swsh
E.swsh
E.swsh.001
Eacute.swsh
Eacute.swsh.001
Ecaron.swsh
Ecaron.swsh.001
Ecircumflex.swsh
Ecircumflex.swsh.001
Edieresis.swsh
Edieresis.swsh.001
Edotaccent.swsh
Edotaccent.swsh.001
Egrave.swsh
Egrave.swsh.001
Emacron.swsh
Emacron.swsh.001
Eogonek.swsh
Euro.tf
F.swsh
G.ss04
Gbreve.ss04
Hinferior
Hsuperior
IJ.ss05
Iacute_J.loclNLD
Iacute_J.loclNLD.ss05
L.swsh
Lacute.swsh
Lcaron.swsh
Lslash.swsh
M.swsh
M.swsh.001
N.swsh
Nacute.swsh
Ncaron.swsh
Ntilde.swsh
Odieresis.titl
Odieresis.titl.001
Oinferior
Osuperior
R.ss03
R.swsh
R.swsh.001
Racute.ss03
Racute.swsh
Racute.swsh.001
Rcaron.ss03
Rcaron.swsh
Rcaron.swsh.001
S.swsh
Sacute.swsh
Scaron.swsh
T.swsh
Tcaron.swsh
Udieresis.titl
W.swsh
Ydieresis.titl
__swash_topleft
a.sc
aacute.sc
abreve.sc
acircumflex.sc
acutecmb.asc
acutecmb.cap
adieresis.sc
adieresis.titl.sc
ae.sc
agrave.sc
amacron.sc
ampersand.sc
aogonek.sc
aogonek_j
aring.sc
at.case
atilde.sc
b.sc
bar.case
blackCircle.case
blackDiamond.case
blackSmallSquare.case
bowl
braceleft.case
braceright.case
bracketleft.case
bracketleftinferior
bracketleftsuperior
bracketright.case
bracketrightinferior
bracketrightsuperior
c.sc
c_t
cacute.sc
caron.alt
caroncmb.asc
caroncmb.cap
ccaron.sc
ccedilla.sc
cent.001
cent.tf
circumflexcmb.asc
circumflexcmb.cap
colon.tf
coloninferior
colonsuperior
comma.tf
commainferior
commasuperior
currency.tf
d.sc
daggerdblsuperior
daggersuperior
dcaron.sc
dcroat.sc
dollar.001
dollar.tf
e.sc
eacute.sc
ecaron.sc
ecircumflex.sc
edieresis.sc
edotaccent.sc
egrave.sc
eight.dnom
eight.numr
eight.osf
eight.sc
eight.tf
eight.tosf
emacron.sc
emdash.case
emdashinferior
emdashsuperior
endash.case
endashinferior
endashsuperior
eogonek.sc
eth.sc
euro.part
euro.part.tf
exclam.sc
exclamdown.case
exclamdown.sc
f.sc
f_idieresis
f_t.liga
five.dnom
five.numr
five.osf
five.sc
five.tf
five.tosf
fl.ss02
florin.tf
four.dnom
four.numr
four.osf
four.sc
four.tf
four.tosf
g.sc
g.sc.ss04
g.ss01
g.ss01_j.liga
g_idieresis
g_j.liga
gbase
gbreve.sc
gbreve.sc.ss04
gbreve.ss01
germandbls.calt
germandbls.sc
gravecmb.asc
gravecmb.cap
guillemotleft.case
guillemotright.case
guilsinglleft.case
guilsinglright.case
h.sc
hungarumlautcmb.asc
hungarumlautcmb.cap
hyphen.case
hypheninferior
hyphensuperior
i.sc
iacute.sc
iacute_j.loclNLD
iacute_j.loclNLD.sc
iacute_j.loclNLD.sc.ss05
icircumflex.sc
idieresis.sc
idotaccent
idotaccent.sc
igrave.sc
ij.sc
ij.sc.ss05
imacron.sc
indexring
iogonek.sc
iogonek_j
j.ogonek
j.sc
j_j.liga
jdotless.ogonek
k.sc
l.sc
l.ss02
lacute.sc
lacute.ss02
lcaron.sc
lcaron.ss02
ldot.sc
ldot.ss02
longs.component
longs_i
longs_l
longs_l.ss02
longs_s
lslash.sc
lslash.ss02
m.sc
n.sc
n.swsh
nacute.sc
nacute.swsh
ncaron.sc
ncaron.swsh
nine.dnom
nine.numr
nine.osf
nine.sc
nine.tf
nine.tosf
ntilde.sc
ntilde.swsh
numbersign.tf
o.sc
oacute.sc
ocircumflex.sc
odieresis.sc
odieresis.titl.sc
oe.sc
ogonek.A
ogonek.E
ogonek.I
ogonek.e
ograve.sc
ohungarumlaut.sc
omacron.sc
one.dnom
one.numr
one.osf
one.sc
one.tf
one.tosf
oslash.sc
otilde.sc
p.sc
parenleft.case
parenright.case
period.tf
periodcentered.case
periodcentered.loclCAT
periodcentered.loclCAT.case
periodcentered.loclCAT.sc
periodcentered.loclCAT.ss02
periodcentered.sc
periodinferior
periodsuperior
q.sc
question.sc
questiondown.case
questiondown.sc
quotedbl.sc
quotedblleft.sc
quotedblright.sc
quoteleft.sc
quoteright.sc
quotesingle.sc
r.sc
r.sc.ss03
r.swsh
racute.sc
racute.sc.ss03
racute.swsh
rcaron.sc
rcaron.sc.ss03
rcaron.swsh
registeredsuperior
s.sc
s_t
sacute.sc
scaron.sc
semicolon.tf
seven.dnom
seven.numr
seven.osf
seven.sc
seven.tf
seven.tosf
six.dnom
six.numr
six.osf
six.sc
six.tf
six.tosf
space.tf
spacesuperior
sterling.part
sterling.part.tf
sterling.tf
swash_bttmleft
t.sc
t.swsh
t_t.liga
tcaron.sc
tcaron.swsh
thorn.sc
three.dnom
three.numr
three.osf
three.sc
three.tf
three.tosf
two.dnom
two.numr
two.osf
two.sc
two.tf
two.tosf
u.sc
uacute.sc
ucircumflex.sc
udieresis.sc
udieresis.titl.sc
ugrave.sc
uhungarumlaut.sc
umacron.sc
uni0122.sc
uni0122.sc.ss04
uni0122.ss04
uni0123.ss01
uni0136.sc
uni013B.sc
uni013B.swsh
uni013C.ss02
uni0145.sc
uni0145.swsh
uni0146.swsh
uni0156.sc
uni0156.sc.ss03
uni0156.ss03
uni0156.swsh
uni0156.swsh.001
uni0157.swsh
uni015E.sc
uni015E.swsh
uni0162.sc
uni0162.swsh
uni0163.swsh
uni0218.sc
uni0218.swsh
uni021A.sc
uni021A.swsh
uni021B.swsh
uni20BA.tf
uni20BD.tf
uniF8FF.001
uogonek.sc
uogonek_j
uring.sc
v.sc
w.sc
whiteCircle.case
whiteDiamond.case
whiteSmallSquare.case
x.sc
y.sc
y.swsh
yacute.sc
yacute.swsh
ydieresis.sc
ydieresis.swsh
ydieresis.titl.sc
yen.tf
z.sc
zacute.sc
zcaron.sc
zdotaccent.sc
zero.dnom
zero.numr
zero.osf
zero.osf.zero
zero.sc
zero.tf
zero.tf.zero
zero.tosf
zero.tosf.zero
zero.zero
2016-07-27 16:55:25,843 MutatorMath Writing WorkSans-Black.ufo to master_ufo/../instance_ufo/WorkSans-Black.ufo
2016-07-27 16:55:30,340 MutatorMath ../instance_ufo/WorkSans-Black.ufo:
Errors calculating 2 glyphs: 
curvedStemParagraphSignOrnament
paragraph
2016-07-27 16:55:30,340 MutatorMath ../instance_ufo/WorkSans-Black.ufo:
Missing unicodes for 412 glyphs: 
.notdef
A.swsh
Aacute.swsh
Abreve.swsh
Acircumflex.swsh
Adieresis.swsh
Adieresis.titl
Adieresis.titl.001
Agrave.swsh
Amacron.swsh
Aogonek.swsh
Aogonek_j
Aogonek_y
Atilde.swsh
E.swsh
E.swsh.001
Eacute.swsh
Eacute.swsh.001
Ecaron.swsh
Ecaron.swsh.001
Ecircumflex.swsh
Ecircumflex.swsh.001
Edieresis.swsh
Edieresis.swsh.001
Edotaccent.swsh
Edotaccent.swsh.001
Egrave.swsh
Egrave.swsh.001
Emacron.swsh
Emacron.swsh.001
Eogonek.swsh
Euro.tf
F.swsh
G.ss04
Gbreve.ss04
Hinferior
Hsuperior
IJ.ss05
Iacute_J.loclNLD
Iacute_J.loclNLD.ss05
L.swsh
Lacute.swsh
Lcaron.swsh
Lslash.swsh
M.swsh
M.swsh.001
N.swsh
Nacute.swsh
Ncaron.swsh
Ntilde.swsh
Odieresis.titl
Odieresis.titl.001
Oinferior
Osuperior
R.ss03
R.swsh
R.swsh.001
Racute.ss03
Racute.swsh
Racute.swsh.001
Rcaron.ss03
Rcaron.swsh
Rcaron.swsh.001
S.swsh
Sacute.swsh
Scaron.swsh
T.swsh
Tcaron.swsh
Udieresis.titl
W.swsh
Ydieresis.titl
__swash_topleft
a.sc
aacute.sc
abreve.sc
acircumflex.sc
acutecmb.asc
acutecmb.cap
adieresis.sc
adieresis.titl.sc
ae.sc
agrave.sc
amacron.sc
ampersand.sc
aogonek.sc
aogonek_j
aring.sc
at.case
atilde.sc
b.sc
bar.case
blackCircle.case
blackDiamond.case
blackSmallSquare.case
bowl
braceleft.case
braceright.case
bracketleft.case
bracketleftinferior
bracketleftsuperior
bracketright.case
bracketrightinferior
bracketrightsuperior
c.sc
c_t
cacute.sc
caron.alt
caroncmb.asc
caroncmb.cap
ccaron.sc
ccedilla.sc
cent.001
cent.tf
circumflexcmb.asc
circumflexcmb.cap
colon.tf
coloninferior
colonsuperior
comma.tf
commainferior
commasuperior
currency.tf
d.sc
daggerdblsuperior
daggersuperior
dcaron.sc
dcroat.sc
dollar.001
dollar.tf
e.sc
eacute.sc
ecaron.sc
ecircumflex.sc
edieresis.sc
edotaccent.sc
egrave.sc
eight.dnom
eight.numr
eight.osf
eight.sc
eight.tf
eight.tosf
emacron.sc
emdash.case
emdashinferior
emdashsuperior
endash.case
endashinferior
endashsuperior
eogonek.sc
eth.sc
euro.part
euro.part.tf
exclam.sc
exclamdown.case
exclamdown.sc
f.sc
f_idieresis
f_t.liga
five.dnom
five.numr
five.osf
five.sc
five.tf
five.tosf
fl.ss02
florin.tf
four.dnom
four.numr
four.osf
four.sc
four.tf
four.tosf
g.sc
g.sc.ss04
g.ss01
g.ss01_j.liga
g_idieresis
g_j.liga
gbase
gbreve.sc
gbreve.sc.ss04
gbreve.ss01
germandbls.calt
germandbls.sc
gravecmb.asc
gravecmb.cap
guillemotleft.case
guillemotright.case
guilsinglleft.case
guilsinglright.case
h.sc
hungarumlautcmb.asc
hungarumlautcmb.cap
hyphen.case
hypheninferior
hyphensuperior
i.sc
iacute.sc
iacute_j.loclNLD
iacute_j.loclNLD.sc
iacute_j.loclNLD.sc.ss05
icircumflex.sc
idieresis.sc
idotaccent
idotaccent.sc
igrave.sc
ij.sc
ij.sc.ss05
imacron.sc
indexring
iogonek.sc
iogonek_j
j.ogonek
j.sc
j_j.liga
jdotless.ogonek
k.sc
l.sc
l.ss02
lacute.sc
lacute.ss02
lcaron.sc
lcaron.ss02
ldot.sc
ldot.ss02
longs.component
longs_i
longs_l
longs_l.ss02
longs_s
lslash.sc
lslash.ss02
m.sc
n.sc
n.swsh
nacute.sc
nacute.swsh
ncaron.sc
ncaron.swsh
nine.dnom
nine.numr
nine.osf
nine.sc
nine.tf
nine.tosf
ntilde.sc
ntilde.swsh
numbersign.tf
o.sc
oacute.sc
ocircumflex.sc
odieresis.sc
odieresis.titl.sc
oe.sc
ogonek.A
ogonek.E
ogonek.I
ogonek.e
ograve.sc
ohungarumlaut.sc
omacron.sc
one.dnom
one.numr
one.osf
one.sc
one.tf
one.tosf
oslash.sc
otilde.sc
p.sc
parenleft.case
parenright.case
period.tf
periodcentered.case
periodcentered.loclCAT
periodcentered.loclCAT.case
periodcentered.loclCAT.sc
periodcentered.loclCAT.ss02
periodcentered.sc
periodinferior
periodsuperior
q.sc
question.sc
questiondown.case
questiondown.sc
quotedbl.sc
quotedblleft.sc
quotedblright.sc
quoteleft.sc
quoteright.sc
quotesingle.sc
r.sc
r.sc.ss03
r.swsh
racute.sc
racute.sc.ss03
racute.swsh
rcaron.sc
rcaron.sc.ss03
rcaron.swsh
registeredsuperior
s.sc
s_t
sacute.sc
scaron.sc
semicolon.tf
seven.dnom
seven.numr
seven.osf
seven.sc
seven.tf
seven.tosf
six.dnom
six.numr
six.osf
six.sc
six.tf
six.tosf
space.tf
spacesuperior
sterling.part
sterling.part.tf
sterling.tf
swash_bttmleft
t.sc
t.swsh
t_t.liga
tcaron.sc
tcaron.swsh
thorn.sc
three.dnom
three.numr
three.osf
three.sc
three.tf
three.tosf
two.dnom
two.numr
two.osf
two.sc
two.tf
two.tosf
u.sc
uacute.sc
ucircumflex.sc
udieresis.sc
udieresis.titl.sc
ugrave.sc
uhungarumlaut.sc
umacron.sc
uni0122.sc
uni0122.sc.ss04
uni0122.ss04
uni0123.ss01
uni0136.sc
uni013B.sc
uni013B.swsh
uni013C.ss02
uni0145.sc
uni0145.swsh
uni0146.swsh
uni0156.sc
uni0156.sc.ss03
uni0156.ss03
uni0156.swsh
uni0156.swsh.001
uni0157.swsh
uni015E.sc
uni015E.swsh
uni0162.sc
uni0162.swsh
uni0163.swsh
uni0218.sc
uni0218.swsh
uni021A.sc
uni021A.swsh
uni021B.swsh
uni20BA.tf
uni20BD.tf
uniF8FF.001
uogonek.sc
uogonek_j
uring.sc
v.sc
w.sc
whiteCircle.case
whiteDiamond.case
whiteSmallSquare.case
x.sc
y.sc
y.swsh
yacute.sc
yacute.swsh
ydieresis.sc
ydieresis.swsh
ydieresis.titl.sc
yen.tf
z.sc
zacute.sc
zcaron.sc
zdotaccent.sc
zero.dnom
zero.numr
zero.osf
zero.osf.zero
zero.sc
zero.tf
zero.tf.zero
zero.tosf
zero.tosf.zero
zero.zero
2016-07-27 16:55:30,556 MutatorMath Done
